Changing view acls to: renq
Changing modify acls to: renq
SecurityManager: authentication disabled; ui acls disabled; users with view permissions: Set(renq); users with modify permissions: Set(renq)
In createActorSystem, requireCookie is: off
Slf4jLogger started
Starting remoting
Remoting started; listening on addresses :[akka.tcp://sparkDriver@cluster01:42861]
Remoting now listens on addresses: [akka.tcp://sparkDriver@cluster01:42861]
Successfully started service 'sparkDriver' on port 42861.
Using serializer: class org.apache.spark.serializer.JavaSerializer
Registering MapOutputTracker
Registering BlockManagerMaster
[actor] received message ExpireDeadHosts from Actor[akka://sparkDriver/user/BlockManagerMaster#666215723]
[actor] handled message (1.465921 ms) ExpireDeadHosts from Actor[akka://sparkDriver/user/BlockManagerMaster#666215723]
Getting/creating local root dirs at '/tmp'
Created local directory at /tmp/spark-local-20150121195029-85aa
Using SLF4J as the default logging framework
-Dio.netty.leakDetectionLevel: simple
java.nio.Buffer.address: available
sun.misc.Unsafe.theUnsafe: available
sun.misc.Unsafe.copyMemory: available
java.nio.Bits.unaligned: true
UID: 1002
Java version: 7
-Dio.netty.noUnsafe: false
sun.misc.Unsafe: available
-Dio.netty.noJavassist: false
Javassist: unavailable
You don't have Javassist in your class path or you don't have enough permission to load dynamically generated classes.  Please check the configuration for better performance.
-Dio.netty.tmpdir: /tmp (java.io.tmpdir)
-Dio.netty.bitMode: 64 (sun.arch.data.model)
-Dio.netty.noPreferDirect: false
Successfully started service 'Connection manager for block manager' on port 49624.
Bound socket to port 49624 with id = ConnectionManagerId(cluster01,49624)
MemoryStore started with capacity 3.6 GB
Trying to register BlockManager
[actor] received message RegisterBlockManager(BlockManagerId(<driver>, cluster01, 49624, 0),3890007244,Actor[akka://sparkDriver/user/BlockManagerActor1#1751334954]) from Actor[akka://sparkDriver/temp/$a]
Registering block manager cluster01:49624 with 3.6 GB RAM, BlockManagerId(<driver>, cluster01, 49624, 0)
Registered BlockManager
[actor] handled message (1.930662 ms) RegisterBlockManager(BlockManagerId(<driver>, cluster01, 49624, 0),3890007244,Actor[akka://sparkDriver/user/BlockManagerActor1#1751334954]) from Actor[akka://sparkDriver/temp/$a]
HTTP File server directory is /tmp/spark-ffd02739-97f6-4aee-ad25-9b557de0ea37
Starting HTTP Server
HttpServer is not using security
Successfully started service 'HTTP file server' on port 41155.
HTTP file server started at: http://192.168.2.1:41155
Successfully started service 'SparkUI' on port 4040.
Started SparkUI at http://cluster01:4040
field org.apache.hadoop.metrics2.lib.MutableRate org.apache.hadoop.security.UserGroupInformation$UgiMetrics.loginSuccess with annotation @org.apache.hadoop.metrics2.annotation.Metric(valueName=Time, value=[Rate of successful kerberos logins and latency (milliseconds)], about=, always=false, type=DEFAULT, sampleName=Ops)
field org.apache.hadoop.metrics2.lib.MutableRate org.apache.hadoop.security.UserGroupInformation$UgiMetrics.loginFailure with annotation @org.apache.hadoop.metrics2.annotation.Metric(valueName=Time, value=[Rate of failed kerberos logins and latency (milliseconds)], about=, always=false, type=DEFAULT, sampleName=Ops)
field org.apache.hadoop.metrics2.lib.MutableRate org.apache.hadoop.security.UserGroupInformation$UgiMetrics.getGroups with annotation @org.apache.hadoop.metrics2.annotation.Metric(valueName=Time, value=[GetGroups], about=, always=false, type=DEFAULT, sampleName=Ops)
UgiMetrics, User and group related metrics
Kerberos krb5 configuration not found, setting default realm to empty
 Creating new Groups object
Trying to load the custom-built native-hadoop library...
Failed to load native-hadoop with error: java.lang.UnsatisfiedLinkError: no hadoop in java.library.path
java.library.path=/usr/java/packages/lib/amd64:/usr/lib/x86_64-linux-gnu/jni:/lib/x86_64-linux-gnu:/usr/lib/x86_64-linux-gnu:/usr/lib/jni:/lib:/usr/lib
Unable to load native-hadoop library for your platform... using builtin-java classes where applicable
Falling back to shell based
Group mapping impl=org.apache.hadoop.security.ShellBasedUnixGroupsMapping
Failed to detect a valid hadoop home directory
java.io.IOException: HADOOP_HOME or hadoop.home.dir are not set.
	at org.apache.hadoop.util.Shell.checkHadoopHome(Shell.java:265)
	at org.apache.hadoop.util.Shell.<clinit>(Shell.java:290)
	at org.apache.hadoop.util.StringUtils.<clinit>(StringUtils.java:76)
	at org.apache.hadoop.security.Groups.parseStaticMapping(Groups.java:93)
	at org.apache.hadoop.security.Groups.<init>(Groups.java:77)
	at org.apache.hadoop.security.Groups.getUserToGroupsMappingService(Groups.java:240)
	at org.apache.hadoop.security.UserGroupInformation.initialize(UserGroupInformation.java:255)
	at org.apache.hadoop.security.UserGroupInformation.setConfiguration(UserGroupInformation.java:283)
	at org.apache.spark.deploy.SparkHadoopUtil.<init>(SparkHadoopUtil.scala:36)
	at org.apache.spark.deploy.SparkHadoopUtil$.<init>(SparkHadoopUtil.scala:109)
	at org.apache.spark.deploy.SparkHadoopUtil$.<clinit>(SparkHadoopUtil.scala)
	at org.apache.spark.SparkContext.<init>(SparkContext.scala:238)
	at Toughness$.main(toughness.scala:12)
	at Toughness.main(toughness.scala)
	at sun.reflect.NativeMethodAccessorImpl.invoke0(Native Method)
	at sun.reflect.NativeMethodAccessorImpl.invoke(NativeMethodAccessorImpl.java:57)
	at sun.reflect.DelegatingMethodAccessorImpl.invoke(DelegatingMethodAccessorImpl.java:43)
	at java.lang.reflect.Method.invoke(Method.java:606)
	at org.apache.spark.deploy.SparkSubmit$.launch(SparkSubmit.scala:329)
	at org.apache.spark.deploy.SparkSubmit$.main(SparkSubmit.scala:75)
	at org.apache.spark.deploy.SparkSubmit.main(SparkSubmit.scala)
setsid exited with exit code 0
Group mapping impl=org.apache.hadoop.security.JniBasedUnixGroupsMappingWithFallback; cacheTimeout=300000; warningDeltaMs=5000
Added JAR file:/home/renq/k-tough/target/scala-2.10/toughness_2.10-1.0.jar at http://192.168.2.1:41155/jars/toughness_2.10-1.0.jar with timestamp 1421841029840
[actor] received message ReviveOffers from Actor[akka://sparkDriver/user/CoarseGrainedScheduler#-1901158858]
[actor] handled message (6.18693 ms) ReviveOffers from Actor[akka://sparkDriver/user/CoarseGrainedScheduler#-1901158858]
Connecting to master spark://cluster01:7077...
SchedulerBackend is ready for scheduling beginning after reached minRegisteredResourcesRatio: 0.0
[actor] received message RegisteredApplication(app-20150121195030-0002,spark://cluster01:7077) from Actor[akka.tcp://sparkMaster@cluster01:7077/user/Master#-1182251110]
Connected to Spark cluster with app ID app-20150121195030-0002
[actor] handled message (0.831486 ms) RegisteredApplication(app-20150121195030-0002,spark://cluster01:7077) from Actor[akka.tcp://sparkMaster@cluster01:7077/user/Master#-1182251110]
[actor] received message ExecutorAdded(0,worker-20150121184032-cluster02-48233,cluster02:48233,2,6144) from Actor[akka.tcp://sparkMaster@cluster01:7077/user/Master#-1182251110]
Executor added: app-20150121195030-0002/0 on worker-20150121184032-cluster02-48233 (cluster02:48233) with 2 cores
Granted executor ID app-20150121195030-0002/0 on hostPort cluster02:48233 with 2 cores, 6.0 GB RAM
[actor] handled message (1.070029 ms) ExecutorAdded(0,worker-20150121184032-cluster02-48233,cluster02:48233,2,6144) from Actor[akka.tcp://sparkMaster@cluster01:7077/user/Master#-1182251110]
[actor] received message ExecutorAdded(1,worker-20150121184029-cluster01-58596,cluster01:58596,2,6144) from Actor[akka.tcp://sparkMaster@cluster01:7077/user/Master#-1182251110]
Executor added: app-20150121195030-0002/1 on worker-20150121184029-cluster01-58596 (cluster01:58596) with 2 cores
Granted executor ID app-20150121195030-0002/1 on hostPort cluster01:58596 with 2 cores, 6.0 GB RAM
[actor] handled message (0.387406 ms) ExecutorAdded(1,worker-20150121184029-cluster01-58596,cluster01:58596,2,6144) from Actor[akka.tcp://sparkMaster@cluster01:7077/user/Master#-1182251110]
[actor] received message ExecutorAdded(2,worker-20150121184032-cluster03-48380,cluster03:48380,2,6144) from Actor[akka.tcp://sparkMaster@cluster01:7077/user/Master#-1182251110]
Executor added: app-20150121195030-0002/2 on worker-20150121184032-cluster03-48380 (cluster03:48380) with 2 cores
Granted executor ID app-20150121195030-0002/2 on hostPort cluster03:48380 with 2 cores, 6.0 GB RAM
[actor] handled message (0.346185 ms) ExecutorAdded(2,worker-20150121184032-cluster03-48380,cluster03:48380,2,6144) from Actor[akka.tcp://sparkMaster@cluster01:7077/user/Master#-1182251110]
[actor] received message ExecutorUpdated(1,LOADING,None,None) from Actor[akka.tcp://sparkMaster@cluster01:7077/user/Master#-1182251110]
Executor updated: app-20150121195030-0002/1 is now LOADING
[actor] handled message (0.927079 ms) ExecutorUpdated(1,LOADING,None,None) from Actor[akka.tcp://sparkMaster@cluster01:7077/user/Master#-1182251110]
[actor] received message ExecutorUpdated(2,LOADING,None,None) from Actor[akka.tcp://sparkMaster@cluster01:7077/user/Master#-1182251110]
Executor updated: app-20150121195030-0002/2 is now LOADING
[actor] handled message (0.168452 ms) ExecutorUpdated(2,LOADING,None,None) from Actor[akka.tcp://sparkMaster@cluster01:7077/user/Master#-1182251110]
[actor] received message ExecutorUpdated(0,LOADING,None,None) from Actor[akka.tcp://sparkMaster@cluster01:7077/user/Master#-1182251110]
Executor updated: app-20150121195030-0002/0 is now LOADING
[actor] handled message (0.190648 ms) ExecutorUpdated(0,LOADING,None,None) from Actor[akka.tcp://sparkMaster@cluster01:7077/user/Master#-1182251110]
ensureFreeSpace(163705) called with curMem=0, maxMem=3890007244
Block broadcast_0 stored as values in memory (estimated size 159.9 KB, free 3.6 GB)
Put block broadcast_0 locally took  171 ms
Putting block broadcast_0 without replication took  172 ms
ensureFreeSpace(12633) called with curMem=163705, maxMem=3890007244
Block broadcast_0_piece0 stored as bytes in memory (estimated size 12.3 KB, free 3.6 GB)
[actor] received message UpdateBlockInfo(BlockManagerId(<driver>, cluster01, 49624, 0),broadcast_0_piece0,StorageLevel(false, true, false, false, 1),12633,0,0) from Actor[akka://sparkDriver/temp/$b]
Added broadcast_0_piece0 in memory on cluster01:49624 (size: 12.3 KB, free: 3.6 GB)
[actor] handled message (1.211644 ms) UpdateBlockInfo(BlockManagerId(<driver>, cluster01, 49624, 0),broadcast_0_piece0,StorageLevel(false, true, false, false, 1),12633,0,0) from Actor[akka://sparkDriver/temp/$b]
Updated info of block broadcast_0_piece0
Told master about block broadcast_0_piece0
Put block broadcast_0_piece0 locally took  4 ms
Putting block broadcast_0_piece0 without replication took  6 ms
Creating new JobConf and caching it for later re-use
hadoop login
hadoop login commit
using local user:UnixPrincipal: renq
UGI loginUser:renq (auth:SIMPLE)
Time taken to get FileStatuses: 4
Total input paths to process : 1
Total # of splits generated by getSplits: 3, TimeTaken: 9
[actor] received message GetLocationsMultipleBlockIds([Lorg.apache.spark.storage.BlockId;@47f71f1f) from Actor[akka://sparkDriver/temp/$c]
[actor] handled message (0.386643 ms) GetLocationsMultipleBlockIds([Lorg.apache.spark.storage.BlockId;@47f71f1f) from Actor[akka://sparkDriver/temp/$c]
[actor] received message GetLocationsMultipleBlockIds([Lorg.apache.spark.storage.BlockId;@332377c3) from Actor[akka://sparkDriver/temp/$d]
[actor] handled message (0.113477 ms) GetLocationsMultipleBlockIds([Lorg.apache.spark.storage.BlockId;@332377c3) from Actor[akka://sparkDriver/temp/$d]
Starting job: count at GraphLoader.scala:87
Got job 0 (count at GraphLoader.scala:87) with 1 output partitions (allowLocal=false)
Final stage: Stage 0(count at GraphLoader.scala:87)
Parents of final stage: List()
[actor] received message GetLocationsMultipleBlockIds([Lorg.apache.spark.storage.BlockId;@6764807d) from Actor[akka://sparkDriver/temp/$e]
[actor] handled message (0.120874 ms) GetLocationsMultipleBlockIds([Lorg.apache.spark.storage.BlockId;@6764807d) from Actor[akka://sparkDriver/temp/$e]
[actor] received message GetLocationsMultipleBlockIds([Lorg.apache.spark.storage.BlockId;@76f4854b) from Actor[akka://sparkDriver/temp/$f]
[actor] handled message (0.078383 ms) GetLocationsMultipleBlockIds([Lorg.apache.spark.storage.BlockId;@76f4854b) from Actor[akka://sparkDriver/temp/$f]
[actor] received message GetLocationsMultipleBlockIds([Lorg.apache.spark.storage.BlockId;@2f5b3bf0) from Actor[akka://sparkDriver/temp/$g]
[actor] handled message (0.099878 ms) GetLocationsMultipleBlockIds([Lorg.apache.spark.storage.BlockId;@2f5b3bf0) from Actor[akka://sparkDriver/temp/$g]
[actor] received message GetLocationsMultipleBlockIds([Lorg.apache.spark.storage.BlockId;@ebc21da) from Actor[akka://sparkDriver/temp/$h]
[actor] handled message (0.100537 ms) GetLocationsMultipleBlockIds([Lorg.apache.spark.storage.BlockId;@ebc21da) from Actor[akka://sparkDriver/temp/$h]
Missing parents: List()
submitStage(Stage 0)
missing: List()
Submitting Stage 0 (GraphLoader.edgeListFile - edges (/home/hadoop/data/roadNet-CA.txt) MapPartitionsRDD[3] at mapPartitionsWithIndex at GraphLoader.scala:68), which has no missing parents
submitMissingTasks(Stage 0)
ensureFreeSpace(3120) called with curMem=176338, maxMem=3890007244
Block broadcast_1 stored as values in memory (estimated size 3.0 KB, free 3.6 GB)
Put block broadcast_1 locally took  2 ms
Putting block broadcast_1 without replication took  2 ms
ensureFreeSpace(1887) called with curMem=179458, maxMem=3890007244
Block broadcast_1_piece0 stored as bytes in memory (estimated size 1887.0 B, free 3.6 GB)
[actor] received message UpdateBlockInfo(BlockManagerId(<driver>, cluster01, 49624, 0),broadcast_1_piece0,StorageLevel(false, true, false, false, 1),1887,0,0) from Actor[akka://sparkDriver/temp/$i]
Added broadcast_1_piece0 in memory on cluster01:49624 (size: 1887.0 B, free: 3.6 GB)
[actor] handled message (0.414757 ms) UpdateBlockInfo(BlockManagerId(<driver>, cluster01, 49624, 0),broadcast_1_piece0,StorageLevel(false, true, false, false, 1),1887,0,0) from Actor[akka://sparkDriver/temp/$i]
Updated info of block broadcast_1_piece0
Told master about block broadcast_1_piece0
Put block broadcast_1_piece0 locally took  2 ms
Putting block broadcast_1_piece0 without replication took  2 ms
Submitting 1 missing tasks from Stage 0 (GraphLoader.edgeListFile - edges (/home/hadoop/data/roadNet-CA.txt) MapPartitionsRDD[3] at mapPartitionsWithIndex at GraphLoader.scala:68)
New pending tasks: Set(ResultTask(0, 0))
Adding task set 0.0 with 1 tasks
Epoch for TaskSet 0.0: 0
Valid locality levels for TaskSet 0.0: ANY
[actor] received message ReviveOffers from Actor[akka://sparkDriver/deadLetters]
parentName: , name: TaskSet_0, runningTasks: 0
[actor] handled message (1.272333 ms) ReviveOffers from Actor[akka://sparkDriver/deadLetters]
[actor] received message ExecutorUpdated(2,RUNNING,None,None) from Actor[akka.tcp://sparkMaster@cluster01:7077/user/Master#-1182251110]
Executor updated: app-20150121195030-0002/2 is now RUNNING
[actor] handled message (0.30547 ms) ExecutorUpdated(2,RUNNING,None,None) from Actor[akka.tcp://sparkMaster@cluster01:7077/user/Master#-1182251110]
[actor] received message ExecutorUpdated(0,RUNNING,None,None) from Actor[akka.tcp://sparkMaster@cluster01:7077/user/Master#-1182251110]
Executor updated: app-20150121195030-0002/0 is now RUNNING
[actor] handled message (0.208458 ms) ExecutorUpdated(0,RUNNING,None,None) from Actor[akka.tcp://sparkMaster@cluster01:7077/user/Master#-1182251110]
[actor] received message ExecutorUpdated(1,RUNNING,None,None) from Actor[akka.tcp://sparkMaster@cluster01:7077/user/Master#-1182251110]
Executor updated: app-20150121195030-0002/1 is now RUNNING
[actor] handled message (0.178178 ms) ExecutorUpdated(1,RUNNING,None,None) from Actor[akka.tcp://sparkMaster@cluster01:7077/user/Master#-1182251110]
[actor] received message ReviveOffers from Actor[akka://sparkDriver/user/CoarseGrainedScheduler#-1901158858]
parentName: , name: TaskSet_0, runningTasks: 0
[actor] handled message (0.41646 ms) ReviveOffers from Actor[akka://sparkDriver/user/CoarseGrainedScheduler#-1901158858]
[actor] received message ReviveOffers from Actor[akka://sparkDriver/user/CoarseGrainedScheduler#-1901158858]
parentName: , name: TaskSet_0, runningTasks: 0
[actor] handled message (0.432384 ms) ReviveOffers from Actor[akka://sparkDriver/user/CoarseGrainedScheduler#-1901158858]
[actor] received message RetrieveSparkProps from Actor[akka.tcp://driverPropsFetcher@cluster03:48211/temp/$a]
[actor] handled message (0.046304 ms) RetrieveSparkProps from Actor[akka.tcp://driverPropsFetcher@cluster03:48211/temp/$a]
[actor] received message RetrieveSparkProps from Actor[akka.tcp://driverPropsFetcher@cluster01:55227/temp/$a]
[actor] handled message (0.02768 ms) RetrieveSparkProps from Actor[akka.tcp://driverPropsFetcher@cluster01:55227/temp/$a]
[actor] received message Disassociated [akka.tcp://sparkDriver@cluster01:42861] <- [akka.tcp://driverPropsFetcher@cluster01:55227] from Actor[akka://sparkDriver/deadLetters]
[actor] handled message (0.384063 ms) Disassociated [akka.tcp://sparkDriver@cluster01:42861] <- [akka.tcp://driverPropsFetcher@cluster01:55227] from Actor[akka://sparkDriver/deadLetters]
[actor] received message Disassociated [akka.tcp://sparkDriver@cluster01:42861] <- [akka.tcp://driverPropsFetcher@cluster03:48211] from Actor[akka://sparkDriver/deadLetters]
[actor] handled message (0.018412 ms) Disassociated [akka.tcp://sparkDriver@cluster01:42861] <- [akka.tcp://driverPropsFetcher@cluster03:48211] from Actor[akka://sparkDriver/deadLetters]
[actor] received message RetrieveSparkProps from Actor[akka.tcp://driverPropsFetcher@cluster02:50887/temp/$a]
[actor] handled message (0.02666 ms) RetrieveSparkProps from Actor[akka.tcp://driverPropsFetcher@cluster02:50887/temp/$a]
[actor] received message RegisterExecutor(2,cluster03:57694,2) from Actor[akka.tcp://sparkExecutor@cluster03:57694/user/Executor#-2039013239]
Registered executor: Actor[akka.tcp://sparkExecutor@cluster03:57694/user/Executor#-2039013239] with ID 2
parentName: , name: TaskSet_0, runningTasks: 0
Valid locality levels for TaskSet 0.0: ANY
Starting task 0.0 in stage 0.0 (TID 0, cluster03, ANY, 1903 bytes)
[actor] handled message (26.881991 ms) RegisterExecutor(2,cluster03:57694,2) from Actor[akka.tcp://sparkExecutor@cluster03:57694/user/Executor#-2039013239]
[actor] received message Disassociated [akka.tcp://sparkDriver@cluster01:42861] <- [akka.tcp://driverPropsFetcher@cluster02:50887] from Actor[akka://sparkDriver/deadLetters]
[actor] handled message (0.016315 ms) Disassociated [akka.tcp://sparkDriver@cluster01:42861] <- [akka.tcp://driverPropsFetcher@cluster02:50887] from Actor[akka://sparkDriver/deadLetters]
[actor] received message RegisterExecutor(1,cluster01:39138,2) from Actor[akka.tcp://sparkExecutor@cluster01:39138/user/Executor#1909985556]
Registered executor: Actor[akka.tcp://sparkExecutor@cluster01:39138/user/Executor#1909985556] with ID 1
parentName: , name: TaskSet_0, runningTasks: 1
Valid locality levels for TaskSet 0.0: ANY
[actor] handled message (0.90838 ms) RegisterExecutor(1,cluster01:39138,2) from Actor[akka.tcp://sparkExecutor@cluster01:39138/user/Executor#1909985556]
[actor] received message RegisterExecutor(0,cluster02:39819,2) from Actor[akka.tcp://sparkExecutor@cluster02:39819/user/Executor#11999092]
Registered executor: Actor[akka.tcp://sparkExecutor@cluster02:39819/user/Executor#11999092] with ID 0
parentName: , name: TaskSet_0, runningTasks: 1
Valid locality levels for TaskSet 0.0: ANY
[actor] handled message (0.937142 ms) RegisterExecutor(0,cluster02:39819,2) from Actor[akka.tcp://sparkExecutor@cluster02:39819/user/Executor#11999092]
[actor] received message RegisterBlockManager(BlockManagerId(2, cluster03, 48576, 0),3333968363,Actor[akka.tcp://sparkExecutor@cluster03:59466/user/BlockManagerActor1#1824712031]) from Actor[akka.tcp://sparkExecutor@cluster03:59466/temp/$c]
Registering block manager cluster03:48576 with 3.1 GB RAM, BlockManagerId(2, cluster03, 48576, 0)
[actor] handled message (1.815071 ms) RegisterBlockManager(BlockManagerId(2, cluster03, 48576, 0),3333968363,Actor[akka.tcp://sparkExecutor@cluster03:59466/user/BlockManagerActor1#1824712031]) from Actor[akka.tcp://sparkExecutor@cluster03:59466/temp/$c]
[actor] received message RegisterBlockManager(BlockManagerId(1, cluster01, 43138, 0),3333968363,Actor[akka.tcp://sparkExecutor@cluster01:35042/user/BlockManagerActor1#-1696700603]) from Actor[akka.tcp://sparkExecutor@cluster01:35042/temp/$c]
Registering block manager cluster01:43138 with 3.1 GB RAM, BlockManagerId(1, cluster01, 43138, 0)
[actor] handled message (0.651448 ms) RegisterBlockManager(BlockManagerId(1, cluster01, 43138, 0),3333968363,Actor[akka.tcp://sparkExecutor@cluster01:35042/user/BlockManagerActor1#-1696700603]) from Actor[akka.tcp://sparkExecutor@cluster01:35042/temp/$c]
[actor] received message RegisterBlockManager(BlockManagerId(0, cluster02, 46690, 0),3333968363,Actor[akka.tcp://sparkExecutor@cluster02:36133/user/BlockManagerActor1#-252879095]) from Actor[akka.tcp://sparkExecutor@cluster02:36133/temp/$c]
Registering block manager cluster02:46690 with 3.1 GB RAM, BlockManagerId(0, cluster02, 46690, 0)
[actor] handled message (1.42908 ms) RegisterBlockManager(BlockManagerId(0, cluster02, 46690, 0),3333968363,Actor[akka.tcp://sparkExecutor@cluster02:36133/user/BlockManagerActor1#-252879095]) from Actor[akka.tcp://sparkExecutor@cluster02:36133/temp/$c]
[actor] received message StatusUpdate(2,0,RUNNING,org.apache.spark.util.SerializableBuffer@657d478) from Actor[akka.tcp://sparkExecutor@cluster03:57694/user/Executor#-2039013239]
[actor] handled message (0.425809 ms) StatusUpdate(2,0,RUNNING,org.apache.spark.util.SerializableBuffer@657d478) from Actor[akka.tcp://sparkExecutor@cluster03:57694/user/Executor#-2039013239]
[actor] received message GetLocations(broadcast_1_piece0) from Actor[akka.tcp://sparkExecutor@cluster03:59466/temp/$e]
[actor] handled message (0.112443 ms) GetLocations(broadcast_1_piece0) from Actor[akka.tcp://sparkExecutor@cluster03:59466/temp/$e]
Accepted connection from [cluster03/192.168.2.3:43209]
Selector selected 0 of 2 keys
Starting to receive [BufferMessage(id = 3, size = 48)] from [ConnectionManagerId(cluster03,48576)]
Finished receiving [BufferMessage(id = 3, size = 48)] from [ConnectionManagerId(cluster03,48576)] in 1 ms
Received [BufferMessage(id = 3, size = 48)] from [ConnectionManagerId(cluster03,48576)]
Selector selected 0 of 2 keys
Handler thread delay is 1 ms
Handling [BufferMessage(id = 3, size = 48)] from [ConnectionManagerId(cluster03,48576)]
Calling back
Handling message BufferMessage(id = 3, size = 48)
Handling as a buffer message BufferMessage(id = 3, size = 48)
Creating block message of size 44 bytes
Trying to convert buffer java.nio.HeapByteBuffer[pos=0 lim=44 cap=44] to block message
Created BlockMessage [type = 1, id = broadcast_1_piece0, level = null, data = null]
Converted block message array from buffer message in 0.006 s
Parsed as a block message array
Received [GetBlock(broadcast_1_piece0)]
GetBlock broadcast_1_piece0 started from 1421841032895
Getting local block broadcast_1_piece0 as bytes
Level for block broadcast_1_piece0 is StorageLevel(true, true, false, false, 1)
Getting block broadcast_1_piece0 from memory
GetBlock broadcast_1_piece0 used  2 ms and got buffer java.nio.HeapByteBuffer[pos=0 lim=1887 cap=1887]
Adding BlockMessage [type = 2, id = broadcast_1_piece0, level = null, data = 1887]
Added BufferMessage(id = 2, size = 1935)
Buffer list:
java.nio.HeapByteBuffer[pos=0 lim=4 cap=4]
java.nio.HeapByteBuffer[pos=0 lim=44 cap=44]
java.nio.HeapByteBuffer[pos=0 lim=4 cap=4]
java.nio.HeapByteBuffer[pos=0 lim=1887 cap=1887]
Response to BufferMessage(id = 3, size = 48) does not have ack id set
Before Sending [BufferAckMessage(aid = 3, id = 3, size = 1939)] to [ConnectionManagerId(cluster03,48576)] connectionid: cluster01_49624_2
Sending [BufferAckMessage(aid = 3, id = 3, size = 1939)] to [ConnectionManagerId(cluster03,48576)]
Added [BufferAckMessage(aid = 3, id = 3, size = 1939)] to outbox for sending to [ConnectionManagerId(cluster03,48576)]
Selector selected 0 of 2 keys
Initiating connection to [cluster03/192.168.2.3:48576]
Selector selected 0 of 3 keys
Handling delay is 23 ms
Selector selected 0 of 3 keys
Connected to [cluster03/192.168.2.3:48576], 1 messages pending
Selector selected 0 of 3 keys
Starting to send [BufferAckMessage(aid = 3, id = 3, size = 1939)] to [ConnectionManagerId(cluster03,48576)]
[actor] received message ReviveOffers from Actor[akka://sparkDriver/user/CoarseGrainedScheduler#-1901158858]
parentName: , name: TaskSet_0, runningTasks: 1
[actor] handled message (0.554303 ms) ReviveOffers from Actor[akka://sparkDriver/user/CoarseGrainedScheduler#-1901158858]
Finished sending [BufferAckMessage(aid = 3, id = 3, size = 1939)] to [ConnectionManagerId(cluster03,48576)] in 13 ms
[actor] received message UpdateBlockInfo(BlockManagerId(2, cluster03, 48576, 0),broadcast_1_piece0,StorageLevel(false, true, false, false, 1),1887,0,0) from Actor[akka.tcp://sparkExecutor@cluster03:59466/temp/$f]
Added broadcast_1_piece0 in memory on cluster03:48576 (size: 1887.0 B, free: 3.1 GB)
[actor] handled message (0.89567 ms) UpdateBlockInfo(BlockManagerId(2, cluster03, 48576, 0),broadcast_1_piece0,StorageLevel(false, true, false, false, 1),1887,0,0) from Actor[akka.tcp://sparkExecutor@cluster03:59466/temp/$f]
[actor] received message GetLocations(broadcast_0_piece0) from Actor[akka.tcp://sparkExecutor@cluster03:59466/temp/$g]
[actor] handled message (0.087891 ms) GetLocations(broadcast_0_piece0) from Actor[akka.tcp://sparkExecutor@cluster03:59466/temp/$g]
Selector selected 0 of 3 keys
Starting to receive [BufferMessage(id = 5, size = 48)] from [ConnectionManagerId(cluster03,48576)]
Finished receiving [BufferMessage(id = 5, size = 48)] from [ConnectionManagerId(cluster03,48576)] in 0 ms
Received [BufferMessage(id = 5, size = 48)] from [ConnectionManagerId(cluster03,48576)]
Selector selected 0 of 3 keys
Handler thread delay is 0 ms
Handling [BufferMessage(id = 5, size = 48)] from [ConnectionManagerId(cluster03,48576)]
Calling back
Handling message BufferMessage(id = 5, size = 48)
Handling as a buffer message BufferMessage(id = 5, size = 48)
Creating block message of size 44 bytes
Trying to convert buffer java.nio.HeapByteBuffer[pos=0 lim=44 cap=44] to block message
Created BlockMessage [type = 1, id = broadcast_0_piece0, level = null, data = null]
Converted block message array from buffer message in 0.0 s
Parsed as a block message array
Received [GetBlock(broadcast_0_piece0)]
GetBlock broadcast_0_piece0 started from 1421841033034
Getting local block broadcast_0_piece0 as bytes
Level for block broadcast_0_piece0 is StorageLevel(true, true, false, false, 1)
Getting block broadcast_0_piece0 from memory
GetBlock broadcast_0_piece0 used  1 ms and got buffer java.nio.HeapByteBuffer[pos=0 lim=12633 cap=12633]
Adding BlockMessage [type = 2, id = broadcast_0_piece0, level = null, data = 12633]
Added BufferMessage(id = 4, size = 12681)
Buffer list:
java.nio.HeapByteBuffer[pos=0 lim=4 cap=4]
java.nio.HeapByteBuffer[pos=0 lim=44 cap=44]
java.nio.HeapByteBuffer[pos=0 lim=4 cap=4]
java.nio.HeapByteBuffer[pos=0 lim=12633 cap=12633]
Response to BufferMessage(id = 5, size = 48) does not have ack id set
Before Sending [BufferAckMessage(aid = 5, id = 5, size = 12685)] to [ConnectionManagerId(cluster03,48576)] connectionid: cluster01_49624_2
Sending [BufferAckMessage(aid = 5, id = 5, size = 12685)] to [ConnectionManagerId(cluster03,48576)]
Added [BufferAckMessage(aid = 5, id = 5, size = 12685)] to outbox for sending to [ConnectionManagerId(cluster03,48576)]
Selector selected 0 of 3 keys
Selector selected 0 of 3 keys
Handling delay is 3 ms
Starting to send [BufferAckMessage(aid = 5, id = 5, size = 12685)] to [ConnectionManagerId(cluster03,48576)]
Finished sending [BufferAckMessage(aid = 5, id = 5, size = 12685)] to [ConnectionManagerId(cluster03,48576)] in 1 ms
[actor] received message UpdateBlockInfo(BlockManagerId(2, cluster03, 48576, 0),broadcast_0_piece0,StorageLevel(false, true, false, false, 1),12633,0,0) from Actor[akka.tcp://sparkExecutor@cluster03:59466/temp/$h]
Added broadcast_0_piece0 in memory on cluster03:48576 (size: 12.3 KB, free: 3.1 GB)
[actor] handled message (0.393294 ms) UpdateBlockInfo(BlockManagerId(2, cluster03, 48576, 0),broadcast_0_piece0,StorageLevel(false, true, false, false, 1),12633,0,0) from Actor[akka.tcp://sparkExecutor@cluster03:59466/temp/$h]
[actor] received message GetLocations(rdd_3_0) from Actor[akka.tcp://sparkExecutor@cluster03:59466/temp/$i]
[actor] handled message (0.716892 ms) GetLocations(rdd_3_0) from Actor[akka.tcp://sparkExecutor@cluster03:59466/temp/$i]
[actor] received message ReviveOffers from Actor[akka://sparkDriver/user/CoarseGrainedScheduler#-1901158858]
parentName: , name: TaskSet_0, runningTasks: 1
[actor] handled message (0.589174 ms) ReviveOffers from Actor[akka://sparkDriver/user/CoarseGrainedScheduler#-1901158858]
[actor] received message ReviveOffers from Actor[akka://sparkDriver/user/CoarseGrainedScheduler#-1901158858]
parentName: , name: TaskSet_0, runningTasks: 1
[actor] handled message (0.586181 ms) ReviveOffers from Actor[akka://sparkDriver/user/CoarseGrainedScheduler#-1901158858]
[actor] received message ReviveOffers from Actor[akka://sparkDriver/user/CoarseGrainedScheduler#-1901158858]
parentName: , name: TaskSet_0, runningTasks: 1
[actor] handled message (0.594851 ms) ReviveOffers from Actor[akka://sparkDriver/user/CoarseGrainedScheduler#-1901158858]
[actor] received message ReviveOffers from Actor[akka://sparkDriver/user/CoarseGrainedScheduler#-1901158858]
parentName: , name: TaskSet_0, runningTasks: 1
[actor] handled message (0.577689 ms) ReviveOffers from Actor[akka://sparkDriver/user/CoarseGrainedScheduler#-1901158858]
[actor] received message ReviveOffers from Actor[akka://sparkDriver/user/CoarseGrainedScheduler#-1901158858]
parentName: , name: TaskSet_0, runningTasks: 1
[actor] handled message (0.9235 ms) ReviveOffers from Actor[akka://sparkDriver/user/CoarseGrainedScheduler#-1901158858]
[actor] received message ReviveOffers from Actor[akka://sparkDriver/user/CoarseGrainedScheduler#-1901158858]
parentName: , name: TaskSet_0, runningTasks: 1
[actor] handled message (0.587151 ms) ReviveOffers from Actor[akka://sparkDriver/user/CoarseGrainedScheduler#-1901158858]
[actor] received message ReviveOffers from Actor[akka://sparkDriver/user/CoarseGrainedScheduler#-1901158858]
parentName: , name: TaskSet_0, runningTasks: 1
[actor] handled message (0.567513 ms) ReviveOffers from Actor[akka://sparkDriver/user/CoarseGrainedScheduler#-1901158858]
[actor] received message UpdateBlockInfo(BlockManagerId(2, cluster03, 48576, 0),rdd_3_0,StorageLevel(false, true, false, true, 1),212376952,0,0) from Actor[akka.tcp://sparkExecutor@cluster03:59466/temp/$j]
Added rdd_3_0 in memory on cluster03:48576 (size: 202.5 MB, free: 2.9 GB)
[actor] handled message (0.879256 ms) UpdateBlockInfo(BlockManagerId(2, cluster03, 48576, 0),rdd_3_0,StorageLevel(false, true, false, true, 1),212376952,0,0) from Actor[akka.tcp://sparkExecutor@cluster03:59466/temp/$j]
[actor] received message StatusUpdate(2,0,FINISHED,org.apache.spark.util.SerializableBuffer@324a9b4a) from Actor[akka.tcp://sparkExecutor@cluster03:57694/user/Executor#-2039013239]
parentName: , name: TaskSet_0, runningTasks: 0
[actor] handled message (0.984078 ms) StatusUpdate(2,0,FINISHED,org.apache.spark.util.SerializableBuffer@324a9b4a) from Actor[akka.tcp://sparkExecutor@cluster03:57694/user/Executor#-2039013239]
Finished task 0.0 in stage 0.0 (TID 0) in 7719 ms on cluster03 (1/1)
Removed TaskSet 0.0, whose tasks have all completed, from pool 
Stage 0 (count at GraphLoader.scala:87) finished in 9.500 s
After removal of stage 0, remaining stages = 0
Job finished: count at GraphLoader.scala:87, took 9.567602312 s
It took 10041 ms to load the edges
Starting job: reduce at VertexRDD.scala:111
Registering RDD 6 (mapPartitions at VertexRDD.scala:452)
Got job 1 (reduce at VertexRDD.scala:111) with 1 output partitions (allowLocal=false)
Final stage: Stage 1(reduce at VertexRDD.scala:111)
Parents of final stage: List(Stage 2)
[actor] received message GetLocationsMultipleBlockIds([Lorg.apache.spark.storage.BlockId;@6a746c39) from Actor[akka://sparkDriver/temp/$j]
[actor] handled message (0.115249 ms) GetLocationsMultipleBlockIds([Lorg.apache.spark.storage.BlockId;@6a746c39) from Actor[akka://sparkDriver/temp/$j]
[actor] received message GetLocationsMultipleBlockIds([Lorg.apache.spark.storage.BlockId;@16d48c9) from Actor[akka://sparkDriver/temp/$k]
[actor] handled message (0.10423 ms) GetLocationsMultipleBlockIds([Lorg.apache.spark.storage.BlockId;@16d48c9) from Actor[akka://sparkDriver/temp/$k]
[actor] received message GetLocationsMultipleBlockIds([Lorg.apache.spark.storage.BlockId;@2dc584da) from Actor[akka://sparkDriver/temp/$l]
[actor] handled message (0.095815 ms) GetLocationsMultipleBlockIds([Lorg.apache.spark.storage.BlockId;@2dc584da) from Actor[akka://sparkDriver/temp/$l]
[actor] received message GetLocationsMultipleBlockIds([Lorg.apache.spark.storage.BlockId;@2951bb0) from Actor[akka://sparkDriver/temp/$m]
[actor] handled message (0.085947 ms) GetLocationsMultipleBlockIds([Lorg.apache.spark.storage.BlockId;@2951bb0) from Actor[akka://sparkDriver/temp/$m]
[actor] received message GetLocationsMultipleBlockIds([Lorg.apache.spark.storage.BlockId;@b4cc123) from Actor[akka://sparkDriver/temp/$n]
[actor] handled message (0.08533 ms) GetLocationsMultipleBlockIds([Lorg.apache.spark.storage.BlockId;@b4cc123) from Actor[akka://sparkDriver/temp/$n]
Missing parents: List(Stage 2)
submitStage(Stage 1)
missing: List(Stage 2)
submitStage(Stage 2)
[actor] received message GetLocationsMultipleBlockIds([Lorg.apache.spark.storage.BlockId;@64c242f5) from Actor[akka://sparkDriver/temp/$o]
[actor] handled message (0.086031 ms) GetLocationsMultipleBlockIds([Lorg.apache.spark.storage.BlockId;@64c242f5) from Actor[akka://sparkDriver/temp/$o]
[actor] received message GetLocationsMultipleBlockIds([Lorg.apache.spark.storage.BlockId;@dba1681) from Actor[akka://sparkDriver/temp/$p]
[actor] handled message (0.165577 ms) GetLocationsMultipleBlockIds([Lorg.apache.spark.storage.BlockId;@dba1681) from Actor[akka://sparkDriver/temp/$p]
missing: List()
Submitting Stage 2 (VertexRDD.createRoutingTables - vid2pid (aggregation) MapPartitionsRDD[6] at mapPartitions at VertexRDD.scala:452), which has no missing parents
submitMissingTasks(Stage 2)
ensureFreeSpace(3816) called with curMem=181345, maxMem=3890007244
Block broadcast_2 stored as values in memory (estimated size 3.7 KB, free 3.6 GB)
Put block broadcast_2 locally took  1 ms
Putting block broadcast_2 without replication took  1 ms
ensureFreeSpace(2263) called with curMem=185161, maxMem=3890007244
Block broadcast_2_piece0 stored as bytes in memory (estimated size 2.2 KB, free 3.6 GB)
[actor] received message UpdateBlockInfo(BlockManagerId(<driver>, cluster01, 49624, 0),broadcast_2_piece0,StorageLevel(false, true, false, false, 1),2263,0,0) from Actor[akka://sparkDriver/temp/$q]
Added broadcast_2_piece0 in memory on cluster01:49624 (size: 2.2 KB, free: 3.6 GB)
Updated info of block broadcast_2_piece0
Told master about block broadcast_2_piece0
Put block broadcast_2_piece0 locally took  2 ms
[actor] handled message (0.778891 ms) UpdateBlockInfo(BlockManagerId(<driver>, cluster01, 49624, 0),broadcast_2_piece0,StorageLevel(false, true, false, false, 1),2263,0,0) from Actor[akka://sparkDriver/temp/$q]
Putting block broadcast_2_piece0 without replication took  2 ms
Submitting 1 missing tasks from Stage 2 (VertexRDD.createRoutingTables - vid2pid (aggregation) MapPartitionsRDD[6] at mapPartitions at VertexRDD.scala:452)
New pending tasks: Set(ShuffleMapTask(2, 0))
Adding task set 2.0 with 1 tasks
Epoch for TaskSet 2.0: 0
Valid locality levels for TaskSet 2.0: PROCESS_LOCAL, NODE_LOCAL, ANY
[actor] received message ReviveOffers from Actor[akka://sparkDriver/deadLetters]
submitStage(Stage 1)
missing: List(Stage 2)
submitStage(Stage 2)
parentName: , name: TaskSet_2, runningTasks: 0
Starting task 0.0 in stage 2.0 (TID 1, cluster03, PROCESS_LOCAL, 1892 bytes)
submitStage(Stage 1)
missing: List(Stage 2)
submitStage(Stage 2)
[actor] handled message (2.461059 ms) ReviveOffers from Actor[akka://sparkDriver/deadLetters]
[actor] received message StatusUpdate(2,1,RUNNING,org.apache.spark.util.SerializableBuffer@f2d2f72) from Actor[akka.tcp://sparkExecutor@cluster03:57694/user/Executor#-2039013239]
[actor] handled message (0.041846 ms) StatusUpdate(2,1,RUNNING,org.apache.spark.util.SerializableBuffer@f2d2f72) from Actor[akka.tcp://sparkExecutor@cluster03:57694/user/Executor#-2039013239]
[actor] received message GetLocations(broadcast_2_piece0) from Actor[akka.tcp://sparkExecutor@cluster03:59466/temp/$k]
[actor] handled message (0.174942 ms) GetLocations(broadcast_2_piece0) from Actor[akka.tcp://sparkExecutor@cluster03:59466/temp/$k]
Selector selected 0 of 3 keys
Starting to receive [BufferMessage(id = 7, size = 48)] from [ConnectionManagerId(cluster03,48576)]
Finished receiving [BufferMessage(id = 7, size = 48)] from [ConnectionManagerId(cluster03,48576)] in 0 ms
Received [BufferMessage(id = 7, size = 48)] from [ConnectionManagerId(cluster03,48576)]
Selector selected 0 of 3 keys
Handler thread delay is 1 ms
Handling [BufferMessage(id = 7, size = 48)] from [ConnectionManagerId(cluster03,48576)]
Calling back
Handling message BufferMessage(id = 7, size = 48)
Handling as a buffer message BufferMessage(id = 7, size = 48)
Creating block message of size 44 bytes
Trying to convert buffer java.nio.HeapByteBuffer[pos=0 lim=44 cap=44] to block message
Created BlockMessage [type = 1, id = broadcast_2_piece0, level = null, data = null]
Converted block message array from buffer message in 0.0 s
Parsed as a block message array
Received [GetBlock(broadcast_2_piece0)]
GetBlock broadcast_2_piece0 started from 1421841040143
Getting local block broadcast_2_piece0 as bytes
Level for block broadcast_2_piece0 is StorageLevel(true, true, false, false, 1)
Getting block broadcast_2_piece0 from memory
GetBlock broadcast_2_piece0 used  1 ms and got buffer java.nio.HeapByteBuffer[pos=0 lim=2263 cap=2263]
Adding BlockMessage [type = 2, id = broadcast_2_piece0, level = null, data = 2263]
Added BufferMessage(id = 6, size = 2311)
Buffer list:
java.nio.HeapByteBuffer[pos=0 lim=4 cap=4]
java.nio.HeapByteBuffer[pos=0 lim=44 cap=44]
java.nio.HeapByteBuffer[pos=0 lim=4 cap=4]
java.nio.HeapByteBuffer[pos=0 lim=2263 cap=2263]
Response to BufferMessage(id = 7, size = 48) does not have ack id set
Before Sending [BufferAckMessage(aid = 7, id = 7, size = 2315)] to [ConnectionManagerId(cluster03,48576)] connectionid: cluster01_49624_2
Sending [BufferAckMessage(aid = 7, id = 7, size = 2315)] to [ConnectionManagerId(cluster03,48576)]
Added [BufferAckMessage(aid = 7, id = 7, size = 2315)] to outbox for sending to [ConnectionManagerId(cluster03,48576)]
Selector selected 0 of 3 keys
Selector selected 0 of 3 keys
Starting to send [BufferAckMessage(aid = 7, id = 7, size = 2315)] to [ConnectionManagerId(cluster03,48576)]
Finished sending [BufferAckMessage(aid = 7, id = 7, size = 2315)] to [ConnectionManagerId(cluster03,48576)] in 1 ms
Selector selected 0 of 3 keys
Handling delay is 3 ms
[actor] received message UpdateBlockInfo(BlockManagerId(2, cluster03, 48576, 0),broadcast_2_piece0,StorageLevel(false, true, false, false, 1),2263,0,0) from Actor[akka.tcp://sparkExecutor@cluster03:59466/temp/$l]
Added broadcast_2_piece0 in memory on cluster03:48576 (size: 2.2 KB, free: 2.9 GB)
[actor] handled message (0.427174 ms) UpdateBlockInfo(BlockManagerId(2, cluster03, 48576, 0),broadcast_2_piece0,StorageLevel(false, true, false, false, 1),2263,0,0) from Actor[akka.tcp://sparkExecutor@cluster03:59466/temp/$l]
[actor] received message ReviveOffers from Actor[akka://sparkDriver/user/CoarseGrainedScheduler#-1901158858]
parentName: , name: TaskSet_2, runningTasks: 1
[actor] handled message (0.714879 ms) ReviveOffers from Actor[akka://sparkDriver/user/CoarseGrainedScheduler#-1901158858]
[actor] received message StatusUpdate(2,1,FINISHED,org.apache.spark.util.SerializableBuffer@6db2d77f) from Actor[akka.tcp://sparkExecutor@cluster03:57694/user/Executor#-2039013239]
parentName: , name: TaskSet_2, runningTasks: 0
[actor] handled message (1.222218 ms) StatusUpdate(2,1,FINISHED,org.apache.spark.util.SerializableBuffer@6db2d77f) from Actor[akka.tcp://sparkExecutor@cluster03:57694/user/Executor#-2039013239]
Finished task 0.0 in stage 2.0 (TID 1) in 1650 ms on cluster03 (1/1)
Removed TaskSet 2.0, whose tasks have all completed, from pool 
ShuffleMapTask finished on 2
Stage 2 (mapPartitions at VertexRDD.scala:452) finished in 1.654 s
looking for newly runnable stages
running: Set()
waiting: Set(Stage 1)
failed: Set()
Increasing epoch to 1
[actor] received message GetLocationsMultipleBlockIds([Lorg.apache.spark.storage.BlockId;@5e0268ce) from Actor[akka://sparkDriver/temp/$r]
[actor] handled message (0.130352 ms) GetLocationsMultipleBlockIds([Lorg.apache.spark.storage.BlockId;@5e0268ce) from Actor[akka://sparkDriver/temp/$r]
[actor] received message GetLocationsMultipleBlockIds([Lorg.apache.spark.storage.BlockId;@702edc99) from Actor[akka://sparkDriver/temp/$s]
[actor] handled message (0.074101 ms) GetLocationsMultipleBlockIds([Lorg.apache.spark.storage.BlockId;@702edc99) from Actor[akka://sparkDriver/temp/$s]
[actor] received message GetLocationsMultipleBlockIds([Lorg.apache.spark.storage.BlockId;@1494fa59) from Actor[akka://sparkDriver/temp/$t]
[actor] handled message (0.218262 ms) GetLocationsMultipleBlockIds([Lorg.apache.spark.storage.BlockId;@1494fa59) from Actor[akka://sparkDriver/temp/$t]
[actor] received message GetLocationsMultipleBlockIds([Lorg.apache.spark.storage.BlockId;@40bff39d) from Actor[akka://sparkDriver/temp/$u]
[actor] handled message (0.237667 ms) GetLocationsMultipleBlockIds([Lorg.apache.spark.storage.BlockId;@40bff39d) from Actor[akka://sparkDriver/temp/$u]
[actor] received message GetLocationsMultipleBlockIds([Lorg.apache.spark.storage.BlockId;@7a12e9a0) from Actor[akka://sparkDriver/temp/$v]
[actor] handled message (0.206885 ms) GetLocationsMultipleBlockIds([Lorg.apache.spark.storage.BlockId;@7a12e9a0) from Actor[akka://sparkDriver/temp/$v]
Missing parents for Stage 1: List()
Submitting Stage 1 (MappedRDD[27] at map at VertexRDD.scala:111), which is now runnable
submitMissingTasks(Stage 1)
ensureFreeSpace(4168) called with curMem=187424, maxMem=3890007244
Block broadcast_3 stored as values in memory (estimated size 4.1 KB, free 3.6 GB)
Put block broadcast_3 locally took  1 ms
Putting block broadcast_3 without replication took  1 ms
ensureFreeSpace(2251) called with curMem=191592, maxMem=3890007244
Block broadcast_3_piece0 stored as bytes in memory (estimated size 2.2 KB, free 3.6 GB)
[actor] received message UpdateBlockInfo(BlockManagerId(<driver>, cluster01, 49624, 0),broadcast_3_piece0,StorageLevel(false, true, false, false, 1),2251,0,0) from Actor[akka://sparkDriver/temp/$w]
Added broadcast_3_piece0 in memory on cluster01:49624 (size: 2.2 KB, free: 3.6 GB)
Updated info of block broadcast_3_piece0
Told master about block broadcast_3_piece0
Put block broadcast_3_piece0 locally took  2 ms
[actor] handled message (0.850619 ms) UpdateBlockInfo(BlockManagerId(<driver>, cluster01, 49624, 0),broadcast_3_piece0,StorageLevel(false, true, false, false, 1),2251,0,0) from Actor[akka://sparkDriver/temp/$w]
Putting block broadcast_3_piece0 without replication took  2 ms
Submitting 1 missing tasks from Stage 1 (MappedRDD[27] at map at VertexRDD.scala:111)
New pending tasks: Set(ResultTask(1, 0))
Adding task set 1.0 with 1 tasks
Epoch for TaskSet 1.0: 1
Valid locality levels for TaskSet 1.0: NO_PREF, ANY
[actor] received message ReviveOffers from Actor[akka://sparkDriver/deadLetters]
parentName: , name: TaskSet_1, runningTasks: 0
Starting task 0.0 in stage 1.0 (TID 2, cluster02, PROCESS_LOCAL, 1055 bytes)
[actor] handled message (1.841228 ms) ReviveOffers from Actor[akka://sparkDriver/deadLetters]
[actor] received message StatusUpdate(0,2,RUNNING,org.apache.spark.util.SerializableBuffer@66a91deb) from Actor[akka.tcp://sparkExecutor@cluster02:39819/user/Executor#11999092]
[actor] handled message (0.055403 ms) StatusUpdate(0,2,RUNNING,org.apache.spark.util.SerializableBuffer@66a91deb) from Actor[akka.tcp://sparkExecutor@cluster02:39819/user/Executor#11999092]
[actor] received message GetLocations(broadcast_3_piece0) from Actor[akka.tcp://sparkExecutor@cluster02:36133/temp/$e]
[actor] handled message (0.188552 ms) GetLocations(broadcast_3_piece0) from Actor[akka.tcp://sparkExecutor@cluster02:36133/temp/$e]
Accepted connection from [cluster02/192.168.2.2:44197]
Selector selected 0 of 4 keys
Starting to receive [BufferMessage(id = 3, size = 48)] from [ConnectionManagerId(cluster02,46690)]
Finished receiving [BufferMessage(id = 3, size = 48)] from [ConnectionManagerId(cluster02,46690)] in 0 ms
Received [BufferMessage(id = 3, size = 48)] from [ConnectionManagerId(cluster02,46690)]
Selector selected 0 of 4 keys
Handler thread delay is 2 ms
Handling [BufferMessage(id = 3, size = 48)] from [ConnectionManagerId(cluster02,46690)]
Calling back
Handling message BufferMessage(id = 3, size = 48)
Handling as a buffer message BufferMessage(id = 3, size = 48)
Creating block message of size 44 bytes
Trying to convert buffer java.nio.HeapByteBuffer[pos=0 lim=44 cap=44] to block message
Created BlockMessage [type = 1, id = broadcast_3_piece0, level = null, data = null]
[actor] received message ReviveOffers from Actor[akka://sparkDriver/user/CoarseGrainedScheduler#-1901158858]
parentName: , name: TaskSet_1, runningTasks: 1
[actor] handled message (2.094613 ms) ReviveOffers from Actor[akka://sparkDriver/user/CoarseGrainedScheduler#-1901158858]
Converted block message array from buffer message in 0.001 s
Parsed as a block message array
Received [GetBlock(broadcast_3_piece0)]
GetBlock broadcast_3_piece0 started from 1421841041921
Getting local block broadcast_3_piece0 as bytes
Level for block broadcast_3_piece0 is StorageLevel(true, true, false, false, 1)
Getting block broadcast_3_piece0 from memory
GetBlock broadcast_3_piece0 used  0 ms and got buffer java.nio.HeapByteBuffer[pos=0 lim=2251 cap=2251]
Adding BlockMessage [type = 2, id = broadcast_3_piece0, level = null, data = 2251]
Added BufferMessage(id = 8, size = 2299)
Buffer list:
java.nio.HeapByteBuffer[pos=0 lim=4 cap=4]
java.nio.HeapByteBuffer[pos=0 lim=44 cap=44]
java.nio.HeapByteBuffer[pos=0 lim=4 cap=4]
java.nio.HeapByteBuffer[pos=0 lim=2251 cap=2251]
Response to BufferMessage(id = 3, size = 48) does not have ack id set
Before Sending [BufferAckMessage(aid = 3, id = 9, size = 2303)] to [ConnectionManagerId(cluster02,46690)] connectionid: cluster01_49624_4
Sending [BufferAckMessage(aid = 3, id = 9, size = 2303)] to [ConnectionManagerId(cluster02,46690)]
Added [BufferAckMessage(aid = 3, id = 9, size = 2303)] to outbox for sending to [ConnectionManagerId(cluster02,46690)]
Handling delay is 24 ms
Selector selected 0 of 4 keys
Initiating connection to [cluster02/192.168.2.2:46690]
Connected to [cluster02/192.168.2.2:46690], 1 messages pending
Selector selected 0 of 5 keys
Selector selected 0 of 5 keys
Starting to send [BufferAckMessage(aid = 3, id = 9, size = 2303)] to [ConnectionManagerId(cluster02,46690)]
Finished sending [BufferAckMessage(aid = 3, id = 9, size = 2303)] to [ConnectionManagerId(cluster02,46690)] in 1 ms
[actor] received message UpdateBlockInfo(BlockManagerId(0, cluster02, 46690, 0),broadcast_3_piece0,StorageLevel(false, true, false, false, 1),2251,0,0) from Actor[akka.tcp://sparkExecutor@cluster02:36133/temp/$f]
Added broadcast_3_piece0 in memory on cluster02:46690 (size: 2.2 KB, free: 3.1 GB)
[actor] handled message (0.369004 ms) UpdateBlockInfo(BlockManagerId(0, cluster02, 46690, 0),broadcast_3_piece0,StorageLevel(false, true, false, false, 1),2251,0,0) from Actor[akka.tcp://sparkExecutor@cluster02:36133/temp/$f]
[actor] received message GetLocations(rdd_9_0) from Actor[akka.tcp://sparkExecutor@cluster02:36133/temp/$g]
[actor] handled message (0.070623 ms) GetLocations(rdd_9_0) from Actor[akka.tcp://sparkExecutor@cluster02:36133/temp/$g]
[actor] received message GetMapOutputStatuses(0) from Actor[akka.tcp://sparkExecutor@cluster02:36133/temp/$h]
Asked to send map output locations for shuffle 0 to sparkExecutor@cluster02:36133
Size of output statuses for shuffle 0 is 127 bytes
[actor] handled message (4.882728 ms) GetMapOutputStatuses(0) from Actor[akka.tcp://sparkExecutor@cluster02:36133/temp/$h]
[actor] received message ReviveOffers from Actor[akka://sparkDriver/user/CoarseGrainedScheduler#-1901158858]
parentName: , name: TaskSet_1, runningTasks: 1
[actor] handled message (0.82367 ms) ReviveOffers from Actor[akka://sparkDriver/user/CoarseGrainedScheduler#-1901158858]
[actor] received message UpdateBlockInfo(BlockManagerId(0, cluster02, 46690, 0),rdd_9_0,StorageLevel(false, true, false, true, 1),67069416,0,0) from Actor[akka.tcp://sparkExecutor@cluster02:36133/temp/$i]
Added rdd_9_0 in memory on cluster02:46690 (size: 64.0 MB, free: 3.0 GB)
[actor] handled message (0.705494 ms) UpdateBlockInfo(BlockManagerId(0, cluster02, 46690, 0),rdd_9_0,StorageLevel(false, true, false, true, 1),67069416,0,0) from Actor[akka.tcp://sparkExecutor@cluster02:36133/temp/$i]
[actor] received message StatusUpdate(0,2,FINISHED,org.apache.spark.util.SerializableBuffer@6877ef8d) from Actor[akka.tcp://sparkExecutor@cluster02:39819/user/Executor#11999092]
parentName: , name: TaskSet_1, runningTasks: 0
[actor] handled message (0.967561 ms) StatusUpdate(0,2,FINISHED,org.apache.spark.util.SerializableBuffer@6877ef8d) from Actor[akka.tcp://sparkExecutor@cluster02:39819/user/Executor#11999092]
Stage 1 (reduce at VertexRDD.scala:111) finished in 1.257 s
After removal of stage 2, remaining stages = 1
After removal of stage 1, remaining stages = 0
Job finished: reduce at VertexRDD.scala:111, took 2.9441273 s
Finished task 0.0 in stage 1.0 (TID 2) in 1256 ms on cluster02 (1/1)
Removed TaskSet 1.0, whose tasks have all completed, from pool 
Shutdown hook called
