--------------------------------listing all 1 combinations---------------------------
residual graph :  <GraphView object, undirected, with 7 vertices and 6 edges, vertices filtered by (<PropertyMap object with key type 'Vertex' and value type 'bool', for Graph 0x2d676d0, at 0x2d67810>, False) at 0x2d676d0>
|S| = {0}
comp.a =  [0 0 0 0 0 0 0 0]
max of comp.a =  0
hist =  [7]
len(hist) 1
w(G-S) = 1
k = 1.000000
-------------------------------------------------------------------------------------
residual graph :  <GraphView object, undirected, with 7 vertices and 5 edges, vertices filtered by (<PropertyMap object with key type 'Vertex' and value type 'bool', for Graph 0x2d67890, at 0x2d67a90>, False) at 0x2d67890>
|S| = {1}
comp.a =  [0 0 1 1 1 1 1 1]
max of comp.a =  1
hist =  [1 6]
len(hist) 2
w(G-S) = 2
k = 0.500000
-------------------------------------------------------------------------------------
residual graph :  <GraphView object, undirected, with 7 vertices and 5 edges, vertices filtered by (<PropertyMap object with key type 'Vertex' and value type 'bool', for Graph 0x2d676d0, at 0x2d67a50>, False) at 0x2d676d0>
|S| = {2}
comp.a =  [0 0 0 1 1 1 1 1]
max of comp.a =  1
hist =  [2 5]
len(hist) 2
w(G-S) = 2
k = 0.500000
-------------------------------------------------------------------------------------
residual graph :  <GraphView object, undirected, with 7 vertices and 5 edges, vertices filtered by (<PropertyMap object with key type 'Vertex' and value type 'bool', for Graph 0x2d67890, at 0x2d67c10>, False) at 0x2d67890>
|S| = {3}
comp.a =  [0 0 0 0 1 1 1 1]
max of comp.a =  1
hist =  [3 4]
len(hist) 2
w(G-S) = 2
k = 0.500000
-------------------------------------------------------------------------------------
residual graph :  <GraphView object, undirected, with 7 vertices and 5 edges, vertices filtered by (<PropertyMap object with key type 'Vertex' and value type 'bool', for Graph 0x2d676d0, at 0x2d67b90>, False) at 0x2d676d0>
|S| = {4}
comp.a =  [0 0 0 0 0 1 1 1]
max of comp.a =  1
hist =  [4 3]
len(hist) 2
w(G-S) = 2
k = 0.500000
-------------------------------------------------------------------------------------
residual graph :  <GraphView object, undirected, with 7 vertices and 5 edges, vertices filtered by (<PropertyMap object with key type 'Vertex' and value type 'bool', for Graph 0x2d67890, at 0x2d67950>, False) at 0x2d67890>
|S| = {5}
comp.a =  [0 0 0 0 0 0 1 1]
max of comp.a =  1
hist =  [5 2]
len(hist) 2
w(G-S) = 2
k = 0.500000
-------------------------------------------------------------------------------------
residual graph :  <GraphView object, undirected, with 7 vertices and 5 edges, vertices filtered by (<PropertyMap object with key type 'Vertex' and value type 'bool', for Graph 0x2d676d0, at 0x2d67790>, False) at 0x2d676d0>
|S| = {6}
comp.a =  [0 0 0 0 0 0 0 1]
max of comp.a =  1
hist =  [6 1]
len(hist) 2
w(G-S) = 2
k = 0.500000
-------------------------------------------------------------------------------------
residual graph :  <GraphView object, undirected, with 7 vertices and 6 edges, vertices filtered by (<PropertyMap object with key type 'Vertex' and value type 'bool', for Graph 0x2d67890, at 0x2d678d0>, False) at 0x2d67890>
|S| = {7}
comp.a =  [0 0 0 0 0 0 0 0]
max of comp.a =  0
hist =  [7]
len(hist) 1
w(G-S) = 1
k = 1.000000
-------------------------------------------------------------------------------------
--------------------------------listing all 2 combinations---------------------------
residual graph :  <GraphView object, undirected, with 6 vertices and 5 edges, vertices filtered by (<PropertyMap object with key type 'Vertex' and value type 'bool', for Graph 0x2d676d0, at 0x2d67810>, False) at 0x2d676d0>
|S| = {0}
comp.a =  [0 0 0 0 0 0 0 0]
max of comp.a =  0
hist =  [6]
len(hist) 1
w(G-S) = 1
k = 2.000000
-------------------------------------------------------------------------------------
|S| = {1}
comp.a =  [0 0 0 0 0 0 0 0]
max of comp.a =  0
hist =  [6]
len(hist) 1
w(G-S) = 1
k = 2.000000
-------------------------------------------------------------------------------------
residual graph :  <GraphView object, undirected, with 6 vertices and 4 edges, vertices filtered by (<PropertyMap object with key type 'Vertex' and value type 'bool', for Graph 0x2d67890, at 0x2d67a50>, False) at 0x2d67890>
|S| = {0}
comp.a =  [0 0 0 1 1 1 1 1]
max of comp.a =  1
hist =  [1 5]
len(hist) 2
w(G-S) = 2
k = 1.000000
-------------------------------------------------------------------------------------
|S| = {2}
comp.a =  [0 0 0 1 1 1 1 1]
max of comp.a =  1
hist =  [1 5]
len(hist) 2
w(G-S) = 2
k = 1.000000
-------------------------------------------------------------------------------------
residual graph :  <GraphView object, undirected, with 6 vertices and 4 edges, vertices filtered by (<PropertyMap object with key type 'Vertex' and value type 'bool', for Graph 0x2d676d0, at 0x2d67b90>, False) at 0x2d676d0>
|S| = {0}
comp.a =  [0 0 0 0 1 1 1 1]
max of comp.a =  1
hist =  [2 4]
len(hist) 2
w(G-S) = 2
k = 1.000000
-------------------------------------------------------------------------------------
|S| = {3}
comp.a =  [0 0 0 0 1 1 1 1]
max of comp.a =  1
hist =  [2 4]
len(hist) 2
w(G-S) = 2
k = 1.000000
-------------------------------------------------------------------------------------
residual graph :  <GraphView object, undirected, with 6 vertices and 4 edges, vertices filtered by (<PropertyMap object with key type 'Vertex' and value type 'bool', for Graph 0x2d67890, at 0x2d67a90>, False) at 0x2d67890>
|S| = {0}
comp.a =  [0 0 0 0 0 1 1 1]
max of comp.a =  1
hist =  [3 3]
len(hist) 2
w(G-S) = 2
k = 1.000000
-------------------------------------------------------------------------------------
|S| = {4}
comp.a =  [0 0 0 0 0 1 1 1]
max of comp.a =  1
hist =  [3 3]
len(hist) 2
w(G-S) = 2
k = 1.000000
-------------------------------------------------------------------------------------
residual graph :  <GraphView object, undirected, with 6 vertices and 4 edges, vertices filtered by (<PropertyMap object with key type 'Vertex' and value type 'bool', for Graph 0x2d676d0, at 0x2d67c10>, False) at 0x2d676d0>
|S| = {0}
comp.a =  [0 0 0 0 0 0 1 1]
max of comp.a =  1
hist =  [4 2]
len(hist) 2
w(G-S) = 2
k = 1.000000
-------------------------------------------------------------------------------------
|S| = {5}
comp.a =  [0 0 0 0 0 0 1 1]
max of comp.a =  1
hist =  [4 2]
len(hist) 2
w(G-S) = 2
k = 1.000000
-------------------------------------------------------------------------------------
residual graph :  <GraphView object, undirected, with 6 vertices and 4 edges, vertices filtered by (<PropertyMap object with key type 'Vertex' and value type 'bool', for Graph 0x2d67890, at 0x2d67950>, False) at 0x2d67890>
|S| = {0}
comp.a =  [0 0 0 0 0 0 0 1]
max of comp.a =  1
hist =  [5 1]
len(hist) 2
w(G-S) = 2
k = 1.000000
-------------------------------------------------------------------------------------
|S| = {6}
comp.a =  [0 0 0 0 0 0 0 1]
max of comp.a =  1
hist =  [5 1]
len(hist) 2
w(G-S) = 2
k = 1.000000
-------------------------------------------------------------------------------------
residual graph :  <GraphView object, undirected, with 6 vertices and 5 edges, vertices filtered by (<PropertyMap object with key type 'Vertex' and value type 'bool', for Graph 0x2d676d0, at 0x2d67790>, False) at 0x2d676d0>
|S| = {0}
comp.a =  [0 0 0 0 0 0 0 0]
max of comp.a =  0
hist =  [6]
len(hist) 1
w(G-S) = 1
k = 2.000000
-------------------------------------------------------------------------------------
|S| = {7}
comp.a =  [0 0 0 0 0 0 0 0]
max of comp.a =  0
hist =  [6]
len(hist) 1
w(G-S) = 1
k = 2.000000
-------------------------------------------------------------------------------------
residual graph :  <GraphView object, undirected, with 6 vertices and 4 edges, vertices filtered by (<PropertyMap object with key type 'Vertex' and value type 'bool', for Graph 0x2d67890, at 0x2d678d0>, False) at 0x2d67890>
|S| = {1}
comp.a =  [0 0 0 1 1 1 1 1]
max of comp.a =  1
hist =  [1 5]
len(hist) 2
w(G-S) = 2
k = 1.000000
-------------------------------------------------------------------------------------
|S| = {2}
comp.a =  [0 0 0 1 1 1 1 1]
max of comp.a =  1
hist =  [1 5]
len(hist) 2
w(G-S) = 2
k = 1.000000
-------------------------------------------------------------------------------------
residual graph :  <GraphView object, undirected, with 6 vertices and 3 edges, vertices filtered by (<PropertyMap object with key type 'Vertex' and value type 'bool', for Graph 0x2d676d0, at 0x2d67810>, False) at 0x2d676d0>
|S| = {1}
comp.a =  [0 0 1 0 2 2 2 2]
max of comp.a =  2
hist =  [1 1 4]
len(hist) 3
w(G-S) = 3
k = 0.666667
-------------------------------------------------------------------------------------
|S| = {3}
comp.a =  [0 0 1 0 2 2 2 2]
max of comp.a =  2
hist =  [1 1 4]
len(hist) 3
w(G-S) = 3
k = 0.666667
-------------------------------------------------------------------------------------
residual graph :  <GraphView object, undirected, with 6 vertices and 3 edges, vertices filtered by (<PropertyMap object with key type 'Vertex' and value type 'bool', for Graph 0x2d67890, at 0x2d67a50>, False) at 0x2d67890>
|S| = {1}
comp.a =  [0 0 1 1 0 2 2 2]
max of comp.a =  2
hist =  [1 2 3]
len(hist) 3
w(G-S) = 3
k = 0.666667
-------------------------------------------------------------------------------------
|S| = {4}
comp.a =  [0 0 1 1 0 2 2 2]
max of comp.a =  2
hist =  [1 2 3]
len(hist) 3
w(G-S) = 3
k = 0.666667
-------------------------------------------------------------------------------------
residual graph :  <GraphView object, undirected, with 6 vertices and 3 edges, vertices filtered by (<PropertyMap object with key type 'Vertex' and value type 'bool', for Graph 0x2d676d0, at 0x2d67b90>, False) at 0x2d676d0>
|S| = {1}
comp.a =  [0 0 1 1 1 0 2 2]
max of comp.a =  2
hist =  [1 3 2]
len(hist) 3
w(G-S) = 3
k = 0.666667
-------------------------------------------------------------------------------------
|S| = {5}
comp.a =  [0 0 1 1 1 0 2 2]
max of comp.a =  2
hist =  [1 3 2]
len(hist) 3
w(G-S) = 3
k = 0.666667
-------------------------------------------------------------------------------------
residual graph :  <GraphView object, undirected, with 6 vertices and 3 edges, vertices filtered by (<PropertyMap object with key type 'Vertex' and value type 'bool', for Graph 0x2d67890, at 0x2d67a90>, False) at 0x2d67890>
|S| = {1}
comp.a =  [0 0 1 1 1 1 0 2]
max of comp.a =  2
hist =  [1 4 1]
len(hist) 3
w(G-S) = 3
k = 0.666667
-------------------------------------------------------------------------------------
|S| = {6}
comp.a =  [0 0 1 1 1 1 0 2]
max of comp.a =  2
hist =  [1 4 1]
len(hist) 3
w(G-S) = 3
k = 0.666667
-------------------------------------------------------------------------------------
residual graph :  <GraphView object, undirected, with 6 vertices and 4 edges, vertices filtered by (<PropertyMap object with key type 'Vertex' and value type 'bool', for Graph 0x2d676d0, at 0x2d67c10>, False) at 0x2d676d0>
|S| = {1}
comp.a =  [0 0 1 1 1 1 1 0]
max of comp.a =  1
hist =  [1 5]
len(hist) 2
w(G-S) = 2
k = 1.000000
-------------------------------------------------------------------------------------
|S| = {7}
comp.a =  [0 0 1 1 1 1 1 0]
max of comp.a =  1
hist =  [1 5]
len(hist) 2
w(G-S) = 2
k = 1.000000
-------------------------------------------------------------------------------------
residual graph :  <GraphView object, undirected, with 6 vertices and 4 edges, vertices filtered by (<PropertyMap object with key type 'Vertex' and value type 'bool', for Graph 0x2d67890, at 0x2d67950>, False) at 0x2d67890>
|S| = {2}
comp.a =  [0 0 0 0 1 1 1 1]
max of comp.a =  1
hist =  [2 4]
len(hist) 2
w(G-S) = 2
k = 1.000000
-------------------------------------------------------------------------------------
|S| = {3}
comp.a =  [0 0 0 0 1 1 1 1]
max of comp.a =  1
hist =  [2 4]
len(hist) 2
w(G-S) = 2
k = 1.000000
-------------------------------------------------------------------------------------
residual graph :  <GraphView object, undirected, with 6 vertices and 3 edges, vertices filtered by (<PropertyMap object with key type 'Vertex' and value type 'bool', for Graph 0x2d676d0, at 0x2d67790>, False) at 0x2d676d0>
|S| = {2}
comp.a =  [0 0 0 1 0 2 2 2]
max of comp.a =  2
hist =  [2 1 3]
len(hist) 3
w(G-S) = 3
k = 0.666667
-------------------------------------------------------------------------------------
|S| = {4}
comp.a =  [0 0 0 1 0 2 2 2]
max of comp.a =  2
hist =  [2 1 3]
len(hist) 3
w(G-S) = 3
k = 0.666667
-------------------------------------------------------------------------------------
residual graph :  <GraphView object, undirected, with 6 vertices and 3 edges, vertices filtered by (<PropertyMap object with key type 'Vertex' and value type 'bool', for Graph 0x2d67890, at 0x2d678d0>, False) at 0x2d67890>
|S| = {2}
comp.a =  [0 0 0 1 1 0 2 2]
max of comp.a =  2
hist =  [2 2 2]
len(hist) 3
w(G-S) = 3
k = 0.666667
-------------------------------------------------------------------------------------
|S| = {5}
comp.a =  [0 0 0 1 1 0 2 2]
max of comp.a =  2
hist =  [2 2 2]
len(hist) 3
w(G-S) = 3
k = 0.666667
-------------------------------------------------------------------------------------
residual graph :  <GraphView object, undirected, with 6 vertices and 3 edges, vertices filtered by (<PropertyMap object with key type 'Vertex' and value type 'bool', for Graph 0x2d676d0, at 0x2d67810>, False) at 0x2d676d0>
|S| = {2}
comp.a =  [0 0 0 1 1 1 0 2]
max of comp.a =  2
hist =  [2 3 1]
len(hist) 3
w(G-S) = 3
k = 0.666667
-------------------------------------------------------------------------------------
|S| = {6}
comp.a =  [0 0 0 1 1 1 0 2]
max of comp.a =  2
hist =  [2 3 1]
len(hist) 3
w(G-S) = 3
k = 0.666667
-------------------------------------------------------------------------------------
residual graph :  <GraphView object, undirected, with 6 vertices and 4 edges, vertices filtered by (<PropertyMap object with key type 'Vertex' and value type 'bool', for Graph 0x2d67890, at 0x2d67a50>, False) at 0x2d67890>
|S| = {2}
comp.a =  [0 0 0 1 1 1 1 0]
max of comp.a =  1
hist =  [2 4]
len(hist) 2
w(G-S) = 2
k = 1.000000
-------------------------------------------------------------------------------------
|S| = {7}
comp.a =  [0 0 0 1 1 1 1 0]
max of comp.a =  1
hist =  [2 4]
len(hist) 2
w(G-S) = 2
k = 1.000000
-------------------------------------------------------------------------------------
residual graph :  <GraphView object, undirected, with 6 vertices and 4 edges, vertices filtered by (<PropertyMap object with key type 'Vertex' and value type 'bool', for Graph 0x2d676d0, at 0x2d67b90>, False) at 0x2d676d0>
|S| = {3}
comp.a =  [0 0 0 0 0 1 1 1]
max of comp.a =  1
hist =  [3 3]
len(hist) 2
w(G-S) = 2
k = 1.000000
-------------------------------------------------------------------------------------
|S| = {4}
comp.a =  [0 0 0 0 0 1 1 1]
max of comp.a =  1
hist =  [3 3]
len(hist) 2
w(G-S) = 2
k = 1.000000
-------------------------------------------------------------------------------------
residual graph :  <GraphView object, undirected, with 6 vertices and 3 edges, vertices filtered by (<PropertyMap object with key type 'Vertex' and value type 'bool', for Graph 0x2d67890, at 0x2d67a90>, False) at 0x2d67890>
|S| = {3}
comp.a =  [0 0 0 0 1 0 2 2]
max of comp.a =  2
hist =  [3 1 2]
len(hist) 3
w(G-S) = 3
k = 0.666667
-------------------------------------------------------------------------------------
|S| = {5}
comp.a =  [0 0 0 0 1 0 2 2]
max of comp.a =  2
hist =  [3 1 2]
len(hist) 3
w(G-S) = 3
k = 0.666667
-------------------------------------------------------------------------------------
residual graph :  <GraphView object, undirected, with 6 vertices and 3 edges, vertices filtered by (<PropertyMap object with key type 'Vertex' and value type 'bool', for Graph 0x2d676d0, at 0x2d67c10>, False) at 0x2d676d0>
|S| = {3}
comp.a =  [0 0 0 0 1 1 0 2]
max of comp.a =  2
hist =  [3 2 1]
len(hist) 3
w(G-S) = 3
k = 0.666667
-------------------------------------------------------------------------------------
|S| = {6}
comp.a =  [0 0 0 0 1 1 0 2]
max of comp.a =  2
hist =  [3 2 1]
len(hist) 3
w(G-S) = 3
k = 0.666667
-------------------------------------------------------------------------------------
residual graph :  <GraphView object, undirected, with 6 vertices and 4 edges, vertices filtered by (<PropertyMap object with key type 'Vertex' and value type 'bool', for Graph 0x2d67890, at 0x2d67950>, False) at 0x2d67890>
|S| = {3}
comp.a =  [0 0 0 0 1 1 1 0]
max of comp.a =  1
hist =  [3 3]
len(hist) 2
w(G-S) = 2
k = 1.000000
-------------------------------------------------------------------------------------
|S| = {7}
comp.a =  [0 0 0 0 1 1 1 0]
max of comp.a =  1
hist =  [3 3]
len(hist) 2
w(G-S) = 2
k = 1.000000
-------------------------------------------------------------------------------------
residual graph :  <GraphView object, undirected, with 6 vertices and 4 edges, vertices filtered by (<PropertyMap object with key type 'Vertex' and value type 'bool', for Graph 0x2d676d0, at 0x2d67790>, False) at 0x2d676d0>
|S| = {4}
comp.a =  [0 0 0 0 0 0 1 1]
max of comp.a =  1
hist =  [4 2]
len(hist) 2
w(G-S) = 2
k = 1.000000
-------------------------------------------------------------------------------------
|S| = {5}
comp.a =  [0 0 0 0 0 0 1 1]
max of comp.a =  1
hist =  [4 2]
len(hist) 2
w(G-S) = 2
k = 1.000000
-------------------------------------------------------------------------------------
residual graph :  <GraphView object, undirected, with 6 vertices and 3 edges, vertices filtered by (<PropertyMap object with key type 'Vertex' and value type 'bool', for Graph 0x2d67890, at 0x2d678d0>, False) at 0x2d67890>
|S| = {4}
comp.a =  [0 0 0 0 0 1 0 2]
max of comp.a =  2
hist =  [4 1 1]
len(hist) 3
w(G-S) = 3
k = 0.666667
-------------------------------------------------------------------------------------
|S| = {6}
comp.a =  [0 0 0 0 0 1 0 2]
max of comp.a =  2
hist =  [4 1 1]
len(hist) 3
w(G-S) = 3
k = 0.666667
-------------------------------------------------------------------------------------
residual graph :  <GraphView object, undirected, with 6 vertices and 4 edges, vertices filtered by (<PropertyMap object with key type 'Vertex' and value type 'bool', for Graph 0x2d676d0, at 0x2d67810>, False) at 0x2d676d0>
|S| = {4}
comp.a =  [0 0 0 0 0 1 1 0]
max of comp.a =  1
hist =  [4 2]
len(hist) 2
w(G-S) = 2
k = 1.000000
-------------------------------------------------------------------------------------
|S| = {7}
comp.a =  [0 0 0 0 0 1 1 0]
max of comp.a =  1
hist =  [4 2]
len(hist) 2
w(G-S) = 2
k = 1.000000
-------------------------------------------------------------------------------------
residual graph :  <GraphView object, undirected, with 6 vertices and 4 edges, vertices filtered by (<PropertyMap object with key type 'Vertex' and value type 'bool', for Graph 0x2d67890, at 0x2d67a50>, False) at 0x2d67890>
|S| = {5}
comp.a =  [0 0 0 0 0 0 0 1]
max of comp.a =  1
hist =  [5 1]
len(hist) 2
w(G-S) = 2
k = 1.000000
-------------------------------------------------------------------------------------
|S| = {6}
comp.a =  [0 0 0 0 0 0 0 1]
max of comp.a =  1
hist =  [5 1]
len(hist) 2
w(G-S) = 2
k = 1.000000
-------------------------------------------------------------------------------------
residual graph :  <GraphView object, undirected, with 6 vertices and 4 edges, vertices filtered by (<PropertyMap object with key type 'Vertex' and value type 'bool', for Graph 0x2d676d0, at 0x2d67b90>, False) at 0x2d676d0>
|S| = {5}
comp.a =  [0 0 0 0 0 0 1 0]
max of comp.a =  1
hist =  [5 1]
len(hist) 2
w(G-S) = 2
k = 1.000000
-------------------------------------------------------------------------------------
|S| = {7}
comp.a =  [0 0 0 0 0 0 1 0]
max of comp.a =  1
hist =  [5 1]
len(hist) 2
w(G-S) = 2
k = 1.000000
-------------------------------------------------------------------------------------
residual graph :  <GraphView object, undirected, with 6 vertices and 5 edges, vertices filtered by (<PropertyMap object with key type 'Vertex' and value type 'bool', for Graph 0x2d67890, at 0x2d67a90>, False) at 0x2d67890>
|S| = {6}
comp.a =  [0 0 0 0 0 0 0 0]
max of comp.a =  0
hist =  [6]
len(hist) 1
w(G-S) = 1
k = 2.000000
-------------------------------------------------------------------------------------
|S| = {7}
comp.a =  [0 0 0 0 0 0 0 0]
max of comp.a =  0
hist =  [6]
len(hist) 1
w(G-S) = 1
k = 2.000000
-------------------------------------------------------------------------------------
--------------------------------listing all 3 combinations---------------------------
residual graph :  <GraphView object, undirected, with 5 vertices and 4 edges, vertices filtered by (<PropertyMap object with key type 'Vertex' and value type 'bool', for Graph 0x2d676d0, at 0x2d67c10>, False) at 0x2d676d0>
|S| = {0}
comp.a =  [0 0 0 0 0 0 0 0]
max of comp.a =  0
hist =  [5]
len(hist) 1
w(G-S) = 1
k = 3.000000
-------------------------------------------------------------------------------------
|S| = {1}
comp.a =  [0 0 0 0 0 0 0 0]
max of comp.a =  0
hist =  [5]
len(hist) 1
w(G-S) = 1
k = 3.000000
-------------------------------------------------------------------------------------
|S| = {2}
comp.a =  [0 0 0 0 0 0 0 0]
max of comp.a =  0
hist =  [5]
len(hist) 1
w(G-S) = 1
k = 3.000000
-------------------------------------------------------------------------------------
residual graph :  <GraphView object, undirected, with 5 vertices and 3 edges, vertices filtered by (<PropertyMap object with key type 'Vertex' and value type 'bool', for Graph 0x2d67890, at 0x2d67810>, False) at 0x2d67890>
|S| = {0}
comp.a =  [0 0 0 0 1 1 1 1]
max of comp.a =  1
hist =  [1 4]
len(hist) 2
w(G-S) = 2
k = 1.500000
-------------------------------------------------------------------------------------
|S| = {1}
comp.a =  [0 0 0 0 1 1 1 1]
max of comp.a =  1
hist =  [1 4]
len(hist) 2
w(G-S) = 2
k = 1.500000
-------------------------------------------------------------------------------------
|S| = {3}
comp.a =  [0 0 0 0 1 1 1 1]
max of comp.a =  1
hist =  [1 4]
len(hist) 2
w(G-S) = 2
k = 1.500000
-------------------------------------------------------------------------------------
residual graph :  <GraphView object, undirected, with 5 vertices and 3 edges, vertices filtered by (<PropertyMap object with key type 'Vertex' and value type 'bool', for Graph 0x2d676d0, at 0x2d678d0>, False) at 0x2d676d0>
|S| = {0}
comp.a =  [0 0 0 0 0 1 1 1]
max of comp.a =  1
hist =  [2 3]
len(hist) 2
w(G-S) = 2
k = 1.500000
-------------------------------------------------------------------------------------
|S| = {1}
comp.a =  [0 0 0 0 0 1 1 1]
max of comp.a =  1
hist =  [2 3]
len(hist) 2
w(G-S) = 2
k = 1.500000
-------------------------------------------------------------------------------------
|S| = {4}
comp.a =  [0 0 0 0 0 1 1 1]
max of comp.a =  1
hist =  [2 3]
len(hist) 2
w(G-S) = 2
k = 1.500000
-------------------------------------------------------------------------------------
residual graph :  <GraphView object, undirected, with 5 vertices and 3 edges, vertices filtered by (<PropertyMap object with key type 'Vertex' and value type 'bool', for Graph 0x2d67890, at 0x2d67790>, False) at 0x2d67890>
|S| = {0}
comp.a =  [0 0 0 0 0 0 1 1]
max of comp.a =  1
hist =  [3 2]
len(hist) 2
w(G-S) = 2
k = 1.500000
-------------------------------------------------------------------------------------
|S| = {1}
comp.a =  [0 0 0 0 0 0 1 1]
max of comp.a =  1
hist =  [3 2]
len(hist) 2
w(G-S) = 2
k = 1.500000
-------------------------------------------------------------------------------------
|S| = {5}
comp.a =  [0 0 0 0 0 0 1 1]
max of comp.a =  1
hist =  [3 2]
len(hist) 2
w(G-S) = 2
k = 1.500000
-------------------------------------------------------------------------------------
residual graph :  <GraphView object, undirected, with 5 vertices and 3 edges, vertices filtered by (<PropertyMap object with key type 'Vertex' and value type 'bool', for Graph 0x2d676d0, at 0x2d67950>, False) at 0x2d676d0>
|S| = {0}
comp.a =  [0 0 0 0 0 0 0 1]
max of comp.a =  1
hist =  [4 1]
len(hist) 2
w(G-S) = 2
k = 1.500000
-------------------------------------------------------------------------------------
|S| = {1}
comp.a =  [0 0 0 0 0 0 0 1]
max of comp.a =  1
hist =  [4 1]
len(hist) 2
w(G-S) = 2
k = 1.500000
-------------------------------------------------------------------------------------
|S| = {6}
comp.a =  [0 0 0 0 0 0 0 1]
max of comp.a =  1
hist =  [4 1]
len(hist) 2
w(G-S) = 2
k = 1.500000
-------------------------------------------------------------------------------------
residual graph :  <GraphView object, undirected, with 5 vertices and 4 edges, vertices filtered by (<PropertyMap object with key type 'Vertex' and value type 'bool', for Graph 0x2d67890, at 0x2d67a50>, False) at 0x2d67890>
|S| = {0}
comp.a =  [0 0 0 0 0 0 0 0]
max of comp.a =  0
hist =  [5]
len(hist) 1
w(G-S) = 1
k = 3.000000
-------------------------------------------------------------------------------------
|S| = {1}
comp.a =  [0 0 0 0 0 0 0 0]
max of comp.a =  0
hist =  [5]
len(hist) 1
w(G-S) = 1
k = 3.000000
-------------------------------------------------------------------------------------
|S| = {7}
comp.a =  [0 0 0 0 0 0 0 0]
max of comp.a =  0
hist =  [5]
len(hist) 1
w(G-S) = 1
k = 3.000000
-------------------------------------------------------------------------------------
residual graph :  <GraphView object, undirected, with 5 vertices and 3 edges, vertices filtered by (<PropertyMap object with key type 'Vertex' and value type 'bool', for Graph 0x2d676d0, at 0x2d67b90>, False) at 0x2d676d0>
|S| = {0}
comp.a =  [0 0 0 0 1 1 1 1]
max of comp.a =  1
hist =  [1 4]
len(hist) 2
w(G-S) = 2
k = 1.500000
-------------------------------------------------------------------------------------
|S| = {2}
comp.a =  [0 0 0 0 1 1 1 1]
max of comp.a =  1
hist =  [1 4]
len(hist) 2
w(G-S) = 2
k = 1.500000
-------------------------------------------------------------------------------------
|S| = {3}
comp.a =  [0 0 0 0 1 1 1 1]
max of comp.a =  1
hist =  [1 4]
len(hist) 2
w(G-S) = 2
k = 1.500000
-------------------------------------------------------------------------------------
residual graph :  <GraphView object, undirected, with 5 vertices and 2 edges, vertices filtered by (<PropertyMap object with key type 'Vertex' and value type 'bool', for Graph 0x2d67890, at 0x2d67a90>, False) at 0x2d67890>
|S| = {0}
comp.a =  [0 0 0 1 0 2 2 2]
max of comp.a =  2
hist =  [1 1 3]
len(hist) 3
w(G-S) = 3
k = 1.000000
-------------------------------------------------------------------------------------
|S| = {2}
comp.a =  [0 0 0 1 0 2 2 2]
max of comp.a =  2
hist =  [1 1 3]
len(hist) 3
w(G-S) = 3
k = 1.000000
-------------------------------------------------------------------------------------
|S| = {4}
comp.a =  [0 0 0 1 0 2 2 2]
max of comp.a =  2
hist =  [1 1 3]
len(hist) 3
w(G-S) = 3
k = 1.000000
-------------------------------------------------------------------------------------
residual graph :  <GraphView object, undirected, with 5 vertices and 2 edges, vertices filtered by (<PropertyMap object with key type 'Vertex' and value type 'bool', for Graph 0x2d676d0, at 0x2d67c10>, False) at 0x2d676d0>
|S| = {0}
comp.a =  [0 0 0 1 1 0 2 2]
max of comp.a =  2
hist =  [1 2 2]
len(hist) 3
w(G-S) = 3
k = 1.000000
-------------------------------------------------------------------------------------
|S| = {2}
comp.a =  [0 0 0 1 1 0 2 2]
max of comp.a =  2
hist =  [1 2 2]
len(hist) 3
w(G-S) = 3
k = 1.000000
-------------------------------------------------------------------------------------
|S| = {5}
comp.a =  [0 0 0 1 1 0 2 2]
max of comp.a =  2
hist =  [1 2 2]
len(hist) 3
w(G-S) = 3
k = 1.000000
-------------------------------------------------------------------------------------
residual graph :  <GraphView object, undirected, with 5 vertices and 2 edges, vertices filtered by (<PropertyMap object with key type 'Vertex' and value type 'bool', for Graph 0x2d67890, at 0x2d67810>, False) at 0x2d67890>
|S| = {0}
comp.a =  [0 0 0 1 1 1 0 2]
max of comp.a =  2
hist =  [1 3 1]
len(hist) 3
w(G-S) = 3
k = 1.000000
-------------------------------------------------------------------------------------
|S| = {2}
comp.a =  [0 0 0 1 1 1 0 2]
max of comp.a =  2
hist =  [1 3 1]
len(hist) 3
w(G-S) = 3
k = 1.000000
-------------------------------------------------------------------------------------
|S| = {6}
comp.a =  [0 0 0 1 1 1 0 2]
max of comp.a =  2
hist =  [1 3 1]
len(hist) 3
w(G-S) = 3
k = 1.000000
-------------------------------------------------------------------------------------
residual graph :  <GraphView object, undirected, with 5 vertices and 3 edges, vertices filtered by (<PropertyMap object with key type 'Vertex' and value type 'bool', for Graph 0x2d676d0, at 0x2d678d0>, False) at 0x2d676d0>
|S| = {0}
comp.a =  [0 0 0 1 1 1 1 0]
max of comp.a =  1
hist =  [1 4]
len(hist) 2
w(G-S) = 2
k = 1.500000
-------------------------------------------------------------------------------------
|S| = {2}
comp.a =  [0 0 0 1 1 1 1 0]
max of comp.a =  1
hist =  [1 4]
len(hist) 2
w(G-S) = 2
k = 1.500000
-------------------------------------------------------------------------------------
|S| = {7}
comp.a =  [0 0 0 1 1 1 1 0]
max of comp.a =  1
hist =  [1 4]
len(hist) 2
w(G-S) = 2
k = 1.500000
-------------------------------------------------------------------------------------
residual graph :  <GraphView object, undirected, with 5 vertices and 3 edges, vertices filtered by (<PropertyMap object with key type 'Vertex' and value type 'bool', for Graph 0x2d67890, at 0x2d67790>, False) at 0x2d67890>
|S| = {0}
comp.a =  [0 0 0 0 0 1 1 1]
max of comp.a =  1
hist =  [2 3]
len(hist) 2
w(G-S) = 2
k = 1.500000
-------------------------------------------------------------------------------------
|S| = {3}
comp.a =  [0 0 0 0 0 1 1 1]
max of comp.a =  1
hist =  [2 3]
len(hist) 2
w(G-S) = 2
k = 1.500000
-------------------------------------------------------------------------------------
|S| = {4}
comp.a =  [0 0 0 0 0 1 1 1]
max of comp.a =  1
hist =  [2 3]
len(hist) 2
w(G-S) = 2
k = 1.500000
-------------------------------------------------------------------------------------
residual graph :  <GraphView object, undirected, with 5 vertices and 2 edges, vertices filtered by (<PropertyMap object with key type 'Vertex' and value type 'bool', for Graph 0x2d676d0, at 0x2d67950>, False) at 0x2d676d0>
|S| = {0}
comp.a =  [0 0 0 0 1 0 2 2]
max of comp.a =  2
hist =  [2 1 2]
len(hist) 3
w(G-S) = 3
k = 1.000000
-------------------------------------------------------------------------------------
|S| = {3}
comp.a =  [0 0 0 0 1 0 2 2]
max of comp.a =  2
hist =  [2 1 2]
len(hist) 3
w(G-S) = 3
k = 1.000000
-------------------------------------------------------------------------------------
|S| = {5}
comp.a =  [0 0 0 0 1 0 2 2]
max of comp.a =  2
hist =  [2 1 2]
len(hist) 3
w(G-S) = 3
k = 1.000000
-------------------------------------------------------------------------------------
residual graph :  <GraphView object, undirected, with 5 vertices and 2 edges, vertices filtered by (<PropertyMap object with key type 'Vertex' and value type 'bool', for Graph 0x2d67890, at 0x2d67a50>, False) at 0x2d67890>
|S| = {0}
comp.a =  [0 0 0 0 1 1 0 2]
max of comp.a =  2
hist =  [2 2 1]
len(hist) 3
w(G-S) = 3
k = 1.000000
-------------------------------------------------------------------------------------
|S| = {3}
comp.a =  [0 0 0 0 1 1 0 2]
max of comp.a =  2
hist =  [2 2 1]
len(hist) 3
w(G-S) = 3
k = 1.000000
-------------------------------------------------------------------------------------
|S| = {6}
comp.a =  [0 0 0 0 1 1 0 2]
max of comp.a =  2
hist =  [2 2 1]
len(hist) 3
w(G-S) = 3
k = 1.000000
-------------------------------------------------------------------------------------
residual graph :  <GraphView object, undirected, with 5 vertices and 3 edges, vertices filtered by (<PropertyMap object with key type 'Vertex' and value type 'bool', for Graph 0x2d676d0, at 0x2d67b90>, False) at 0x2d676d0>
|S| = {0}
comp.a =  [0 0 0 0 1 1 1 0]
max of comp.a =  1
hist =  [2 3]
len(hist) 2
w(G-S) = 2
k = 1.500000
-------------------------------------------------------------------------------------
|S| = {3}
comp.a =  [0 0 0 0 1 1 1 0]
max of comp.a =  1
hist =  [2 3]
len(hist) 2
w(G-S) = 2
k = 1.500000
-------------------------------------------------------------------------------------
|S| = {7}
comp.a =  [0 0 0 0 1 1 1 0]
max of comp.a =  1
hist =  [2 3]
len(hist) 2
w(G-S) = 2
k = 1.500000
-------------------------------------------------------------------------------------
residual graph :  <GraphView object, undirected, with 5 vertices and 3 edges, vertices filtered by (<PropertyMap object with key type 'Vertex' and value type 'bool', for Graph 0x2d67890, at 0x2d67a90>, False) at 0x2d67890>
|S| = {0}
comp.a =  [0 0 0 0 0 0 1 1]
max of comp.a =  1
hist =  [3 2]
len(hist) 2
w(G-S) = 2
k = 1.500000
-------------------------------------------------------------------------------------
|S| = {4}
comp.a =  [0 0 0 0 0 0 1 1]
max of comp.a =  1
hist =  [3 2]
len(hist) 2
w(G-S) = 2
k = 1.500000
-------------------------------------------------------------------------------------
|S| = {5}
comp.a =  [0 0 0 0 0 0 1 1]
max of comp.a =  1
hist =  [3 2]
len(hist) 2
w(G-S) = 2
k = 1.500000
-------------------------------------------------------------------------------------
residual graph :  <GraphView object, undirected, with 5 vertices and 2 edges, vertices filtered by (<PropertyMap object with key type 'Vertex' and value type 'bool', for Graph 0x2d676d0, at 0x2d67c10>, False) at 0x2d676d0>
|S| = {0}
comp.a =  [0 0 0 0 0 1 0 2]
max of comp.a =  2
hist =  [3 1 1]
len(hist) 3
w(G-S) = 3
k = 1.000000
-------------------------------------------------------------------------------------
|S| = {4}
comp.a =  [0 0 0 0 0 1 0 2]
max of comp.a =  2
hist =  [3 1 1]
len(hist) 3
w(G-S) = 3
k = 1.000000
-------------------------------------------------------------------------------------
|S| = {6}
comp.a =  [0 0 0 0 0 1 0 2]
max of comp.a =  2
hist =  [3 1 1]
len(hist) 3
w(G-S) = 3
k = 1.000000
-------------------------------------------------------------------------------------
residual graph :  <GraphView object, undirected, with 5 vertices and 3 edges, vertices filtered by (<PropertyMap object with key type 'Vertex' and value type 'bool', for Graph 0x2d67890, at 0x2d67810>, False) at 0x2d67890>
|S| = {0}
comp.a =  [0 0 0 0 0 1 1 0]
max of comp.a =  1
hist =  [3 2]
len(hist) 2
w(G-S) = 2
k = 1.500000
-------------------------------------------------------------------------------------
|S| = {4}
comp.a =  [0 0 0 0 0 1 1 0]
max of comp.a =  1
hist =  [3 2]
len(hist) 2
w(G-S) = 2
k = 1.500000
-------------------------------------------------------------------------------------
|S| = {7}
comp.a =  [0 0 0 0 0 1 1 0]
max of comp.a =  1
hist =  [3 2]
len(hist) 2
w(G-S) = 2
k = 1.500000
-------------------------------------------------------------------------------------
residual graph :  <GraphView object, undirected, with 5 vertices and 3 edges, vertices filtered by (<PropertyMap object with key type 'Vertex' and value type 'bool', for Graph 0x2d676d0, at 0x2d678d0>, False) at 0x2d676d0>
|S| = {0}
comp.a =  [0 0 0 0 0 0 0 1]
max of comp.a =  1
hist =  [4 1]
len(hist) 2
w(G-S) = 2
k = 1.500000
-------------------------------------------------------------------------------------
|S| = {5}
comp.a =  [0 0 0 0 0 0 0 1]
max of comp.a =  1
hist =  [4 1]
len(hist) 2
w(G-S) = 2
k = 1.500000
-------------------------------------------------------------------------------------
|S| = {6}
comp.a =  [0 0 0 0 0 0 0 1]
max of comp.a =  1
hist =  [4 1]
len(hist) 2
w(G-S) = 2
k = 1.500000
-------------------------------------------------------------------------------------
residual graph :  <GraphView object, undirected, with 5 vertices and 3 edges, vertices filtered by (<PropertyMap object with key type 'Vertex' and value type 'bool', for Graph 0x2d67890, at 0x2d67790>, False) at 0x2d67890>
|S| = {0}
comp.a =  [0 0 0 0 0 0 1 0]
max of comp.a =  1
hist =  [4 1]
len(hist) 2
w(G-S) = 2
k = 1.500000
-------------------------------------------------------------------------------------
|S| = {5}
comp.a =  [0 0 0 0 0 0 1 0]
max of comp.a =  1
hist =  [4 1]
len(hist) 2
w(G-S) = 2
k = 1.500000
-------------------------------------------------------------------------------------
|S| = {7}
comp.a =  [0 0 0 0 0 0 1 0]
max of comp.a =  1
hist =  [4 1]
len(hist) 2
w(G-S) = 2
k = 1.500000
-------------------------------------------------------------------------------------
residual graph :  <GraphView object, undirected, with 5 vertices and 4 edges, vertices filtered by (<PropertyMap object with key type 'Vertex' and value type 'bool', for Graph 0x2d676d0, at 0x2d67950>, False) at 0x2d676d0>
|S| = {0}
comp.a =  [0 0 0 0 0 0 0 0]
max of comp.a =  0
hist =  [5]
len(hist) 1
w(G-S) = 1
k = 3.000000
-------------------------------------------------------------------------------------
|S| = {6}
comp.a =  [0 0 0 0 0 0 0 0]
max of comp.a =  0
hist =  [5]
len(hist) 1
w(G-S) = 1
k = 3.000000
-------------------------------------------------------------------------------------
|S| = {7}
comp.a =  [0 0 0 0 0 0 0 0]
max of comp.a =  0
hist =  [5]
len(hist) 1
w(G-S) = 1
k = 3.000000
-------------------------------------------------------------------------------------
residual graph :  <GraphView object, undirected, with 5 vertices and 3 edges, vertices filtered by (<PropertyMap object with key type 'Vertex' and value type 'bool', for Graph 0x2d67890, at 0x2d67a50>, False) at 0x2d67890>
|S| = {1}
comp.a =  [0 0 0 0 1 1 1 1]
max of comp.a =  1
hist =  [1 4]
len(hist) 2
w(G-S) = 2
k = 1.500000
-------------------------------------------------------------------------------------
|S| = {2}
comp.a =  [0 0 0 0 1 1 1 1]
max of comp.a =  1
hist =  [1 4]
len(hist) 2
w(G-S) = 2
k = 1.500000
-------------------------------------------------------------------------------------
|S| = {3}
comp.a =  [0 0 0 0 1 1 1 1]
max of comp.a =  1
hist =  [1 4]
len(hist) 2
w(G-S) = 2
k = 1.500000
-------------------------------------------------------------------------------------
residual graph :  <GraphView object, undirected, with 5 vertices and 2 edges, vertices filtered by (<PropertyMap object with key type 'Vertex' and value type 'bool', for Graph 0x2d676d0, at 0x2d67b90>, False) at 0x2d676d0>
|S| = {1}
comp.a =  [0 0 0 1 0 2 2 2]
max of comp.a =  2
hist =  [1 1 3]
len(hist) 3
w(G-S) = 3
k = 1.000000
-------------------------------------------------------------------------------------
|S| = {2}
comp.a =  [0 0 0 1 0 2 2 2]
max of comp.a =  2
hist =  [1 1 3]
len(hist) 3
w(G-S) = 3
k = 1.000000
-------------------------------------------------------------------------------------
|S| = {4}
comp.a =  [0 0 0 1 0 2 2 2]
max of comp.a =  2
hist =  [1 1 3]
len(hist) 3
w(G-S) = 3
k = 1.000000
-------------------------------------------------------------------------------------
residual graph :  <GraphView object, undirected, with 5 vertices and 2 edges, vertices filtered by (<PropertyMap object with key type 'Vertex' and value type 'bool', for Graph 0x2d67890, at 0x2d67a90>, False) at 0x2d67890>
|S| = {1}
comp.a =  [0 0 0 1 1 0 2 2]
max of comp.a =  2
hist =  [1 2 2]
len(hist) 3
w(G-S) = 3
k = 1.000000
-------------------------------------------------------------------------------------
|S| = {2}
comp.a =  [0 0 0 1 1 0 2 2]
max of comp.a =  2
hist =  [1 2 2]
len(hist) 3
w(G-S) = 3
k = 1.000000
-------------------------------------------------------------------------------------
|S| = {5}
comp.a =  [0 0 0 1 1 0 2 2]
max of comp.a =  2
hist =  [1 2 2]
len(hist) 3
w(G-S) = 3
k = 1.000000
-------------------------------------------------------------------------------------
residual graph :  <GraphView object, undirected, with 5 vertices and 2 edges, vertices filtered by (<PropertyMap object with key type 'Vertex' and value type 'bool', for Graph 0x2d676d0, at 0x2d67c10>, False) at 0x2d676d0>
|S| = {1}
comp.a =  [0 0 0 1 1 1 0 2]
max of comp.a =  2
hist =  [1 3 1]
len(hist) 3
w(G-S) = 3
k = 1.000000
-------------------------------------------------------------------------------------
|S| = {2}
comp.a =  [0 0 0 1 1 1 0 2]
max of comp.a =  2
hist =  [1 3 1]
len(hist) 3
w(G-S) = 3
k = 1.000000
-------------------------------------------------------------------------------------
|S| = {6}
comp.a =  [0 0 0 1 1 1 0 2]
max of comp.a =  2
hist =  [1 3 1]
len(hist) 3
w(G-S) = 3
k = 1.000000
-------------------------------------------------------------------------------------
residual graph :  <GraphView object, undirected, with 5 vertices and 3 edges, vertices filtered by (<PropertyMap object with key type 'Vertex' and value type 'bool', for Graph 0x2d67890, at 0x2d67810>, False) at 0x2d67890>
|S| = {1}
comp.a =  [0 0 0 1 1 1 1 0]
max of comp.a =  1
hist =  [1 4]
len(hist) 2
w(G-S) = 2
k = 1.500000
-------------------------------------------------------------------------------------
|S| = {2}
comp.a =  [0 0 0 1 1 1 1 0]
max of comp.a =  1
hist =  [1 4]
len(hist) 2
w(G-S) = 2
k = 1.500000
-------------------------------------------------------------------------------------
|S| = {7}
comp.a =  [0 0 0 1 1 1 1 0]
max of comp.a =  1
hist =  [1 4]
len(hist) 2
w(G-S) = 2
k = 1.500000
-------------------------------------------------------------------------------------
residual graph :  <GraphView object, undirected, with 5 vertices and 2 edges, vertices filtered by (<PropertyMap object with key type 'Vertex' and value type 'bool', for Graph 0x2d676d0, at 0x2d678d0>, False) at 0x2d676d0>
|S| = {1}
comp.a =  [0 0 1 0 0 2 2 2]
max of comp.a =  2
hist =  [1 1 3]
len(hist) 3
w(G-S) = 3
k = 1.000000
-------------------------------------------------------------------------------------
|S| = {3}
comp.a =  [0 0 1 0 0 2 2 2]
max of comp.a =  2
hist =  [1 1 3]
len(hist) 3
w(G-S) = 3
k = 1.000000
-------------------------------------------------------------------------------------
|S| = {4}
comp.a =  [0 0 1 0 0 2 2 2]
max of comp.a =  2
hist =  [1 1 3]
len(hist) 3
w(G-S) = 3
k = 1.000000
-------------------------------------------------------------------------------------
residual graph :  <GraphView object, undirected, with 5 vertices and 1 edge, vertices filtered by (<PropertyMap object with key type 'Vertex' and value type 'bool', for Graph 0x2d67890, at 0x2d67790>, False) at 0x2d67890>
|S| = {1}
comp.a =  [0 0 1 0 2 0 3 3]
max of comp.a =  3
hist =  [1 1 1 2]
len(hist) 4
w(G-S) = 4
k = 0.750000
-------------------------------------------------------------------------------------
|S| = {3}
comp.a =  [0 0 1 0 2 0 3 3]
max of comp.a =  3
hist =  [1 1 1 2]
len(hist) 4
w(G-S) = 4
k = 0.750000
-------------------------------------------------------------------------------------
|S| = {5}
comp.a =  [0 0 1 0 2 0 3 3]
max of comp.a =  3
hist =  [1 1 1 2]
len(hist) 4
w(G-S) = 4
k = 0.750000
-------------------------------------------------------------------------------------
residual graph :  <GraphView object, undirected, with 5 vertices and 1 edge, vertices filtered by (<PropertyMap object with key type 'Vertex' and value type 'bool', for Graph 0x2d676d0, at 0x2d67950>, False) at 0x2d676d0>
|S| = {1}
comp.a =  [0 0 1 0 2 2 0 3]
max of comp.a =  3
hist =  [1 1 2 1]
len(hist) 4
w(G-S) = 4
k = 0.750000
-------------------------------------------------------------------------------------
|S| = {3}
comp.a =  [0 0 1 0 2 2 0 3]
max of comp.a =  3
hist =  [1 1 2 1]
len(hist) 4
w(G-S) = 4
k = 0.750000
-------------------------------------------------------------------------------------
|S| = {6}
comp.a =  [0 0 1 0 2 2 0 3]
max of comp.a =  3
hist =  [1 1 2 1]
len(hist) 4
w(G-S) = 4
k = 0.750000
-------------------------------------------------------------------------------------
residual graph :  <GraphView object, undirected, with 5 vertices and 2 edges, vertices filtered by (<PropertyMap object with key type 'Vertex' and value type 'bool', for Graph 0x2d67890, at 0x2d67a50>, False) at 0x2d67890>
|S| = {1}
comp.a =  [0 0 1 0 2 2 2 0]
max of comp.a =  2
hist =  [1 1 3]
len(hist) 3
w(G-S) = 3
k = 1.000000
-------------------------------------------------------------------------------------
|S| = {3}
comp.a =  [0 0 1 0 2 2 2 0]
max of comp.a =  2
hist =  [1 1 3]
len(hist) 3
w(G-S) = 3
k = 1.000000
-------------------------------------------------------------------------------------
|S| = {7}
comp.a =  [0 0 1 0 2 2 2 0]
max of comp.a =  2
hist =  [1 1 3]
len(hist) 3
w(G-S) = 3
k = 1.000000
-------------------------------------------------------------------------------------
residual graph :  <GraphView object, undirected, with 5 vertices and 2 edges, vertices filtered by (<PropertyMap object with key type 'Vertex' and value type 'bool', for Graph 0x2d676d0, at 0x2d67b90>, False) at 0x2d676d0>
|S| = {1}
comp.a =  [0 0 1 1 0 0 2 2]
max of comp.a =  2
hist =  [1 2 2]
len(hist) 3
w(G-S) = 3
k = 1.000000
-------------------------------------------------------------------------------------
|S| = {4}
comp.a =  [0 0 1 1 0 0 2 2]
max of comp.a =  2
hist =  [1 2 2]
len(hist) 3
w(G-S) = 3
k = 1.000000
-------------------------------------------------------------------------------------
|S| = {5}
comp.a =  [0 0 1 1 0 0 2 2]
max of comp.a =  2
hist =  [1 2 2]
len(hist) 3
w(G-S) = 3
k = 1.000000
-------------------------------------------------------------------------------------
residual graph :  <GraphView object, undirected, with 5 vertices and 1 edge, vertices filtered by (<PropertyMap object with key type 'Vertex' and value type 'bool', for Graph 0x2d67890, at 0x2d67a90>, False) at 0x2d67890>
|S| = {1}
comp.a =  [0 0 1 1 0 2 0 3]
max of comp.a =  3
hist =  [1 2 1 1]
len(hist) 4
w(G-S) = 4
k = 0.750000
-------------------------------------------------------------------------------------
|S| = {4}
comp.a =  [0 0 1 1 0 2 0 3]
max of comp.a =  3
hist =  [1 2 1 1]
len(hist) 4
w(G-S) = 4
k = 0.750000
-------------------------------------------------------------------------------------
|S| = {6}
comp.a =  [0 0 1 1 0 2 0 3]
max of comp.a =  3
hist =  [1 2 1 1]
len(hist) 4
w(G-S) = 4
k = 0.750000
-------------------------------------------------------------------------------------
residual graph :  <GraphView object, undirected, with 5 vertices and 2 edges, vertices filtered by (<PropertyMap object with key type 'Vertex' and value type 'bool', for Graph 0x2d676d0, at 0x2d67c10>, False) at 0x2d676d0>
|S| = {1}
comp.a =  [0 0 1 1 0 2 2 0]
max of comp.a =  2
hist =  [1 2 2]
len(hist) 3
w(G-S) = 3
k = 1.000000
-------------------------------------------------------------------------------------
|S| = {4}
comp.a =  [0 0 1 1 0 2 2 0]
max of comp.a =  2
hist =  [1 2 2]
len(hist) 3
w(G-S) = 3
k = 1.000000
-------------------------------------------------------------------------------------
|S| = {7}
comp.a =  [0 0 1 1 0 2 2 0]
max of comp.a =  2
hist =  [1 2 2]
len(hist) 3
w(G-S) = 3
k = 1.000000
-------------------------------------------------------------------------------------
residual graph :  <GraphView object, undirected, with 5 vertices and 2 edges, vertices filtered by (<PropertyMap object with key type 'Vertex' and value type 'bool', for Graph 0x2d67890, at 0x2d67810>, False) at 0x2d67890>
|S| = {1}
comp.a =  [0 0 1 1 1 0 0 2]
max of comp.a =  2
hist =  [1 3 1]
len(hist) 3
w(G-S) = 3
k = 1.000000
-------------------------------------------------------------------------------------
|S| = {5}
comp.a =  [0 0 1 1 1 0 0 2]
max of comp.a =  2
hist =  [1 3 1]
len(hist) 3
w(G-S) = 3
k = 1.000000
-------------------------------------------------------------------------------------
|S| = {6}
comp.a =  [0 0 1 1 1 0 0 2]
max of comp.a =  2
hist =  [1 3 1]
len(hist) 3
w(G-S) = 3
k = 1.000000
-------------------------------------------------------------------------------------
residual graph :  <GraphView object, undirected, with 5 vertices and 2 edges, vertices filtered by (<PropertyMap object with key type 'Vertex' and value type 'bool', for Graph 0x2d676d0, at 0x2d678d0>, False) at 0x2d676d0>
|S| = {1}
comp.a =  [0 0 1 1 1 0 2 0]
max of comp.a =  2
hist =  [1 3 1]
len(hist) 3
w(G-S) = 3
k = 1.000000
-------------------------------------------------------------------------------------
|S| = {5}
comp.a =  [0 0 1 1 1 0 2 0]
max of comp.a =  2
hist =  [1 3 1]
len(hist) 3
w(G-S) = 3
k = 1.000000
-------------------------------------------------------------------------------------
|S| = {7}
comp.a =  [0 0 1 1 1 0 2 0]
max of comp.a =  2
hist =  [1 3 1]
len(hist) 3
w(G-S) = 3
k = 1.000000
-------------------------------------------------------------------------------------
residual graph :  <GraphView object, undirected, with 5 vertices and 3 edges, vertices filtered by (<PropertyMap object with key type 'Vertex' and value type 'bool', for Graph 0x2d67890, at 0x2d67790>, False) at 0x2d67890>
|S| = {1}
comp.a =  [0 0 1 1 1 1 0 0]
max of comp.a =  1
hist =  [1 4]
len(hist) 2
w(G-S) = 2
k = 1.500000
-------------------------------------------------------------------------------------
|S| = {6}
comp.a =  [0 0 1 1 1 1 0 0]
max of comp.a =  1
hist =  [1 4]
len(hist) 2
w(G-S) = 2
k = 1.500000
-------------------------------------------------------------------------------------
|S| = {7}
comp.a =  [0 0 1 1 1 1 0 0]
max of comp.a =  1
hist =  [1 4]
len(hist) 2
w(G-S) = 2
k = 1.500000
-------------------------------------------------------------------------------------
residual graph :  <GraphView object, undirected, with 5 vertices and 3 edges, vertices filtered by (<PropertyMap object with key type 'Vertex' and value type 'bool', for Graph 0x2d676d0, at 0x2d67950>, False) at 0x2d676d0>
|S| = {2}
comp.a =  [0 0 0 0 0 1 1 1]
max of comp.a =  1
hist =  [2 3]
len(hist) 2
w(G-S) = 2
k = 1.500000
-------------------------------------------------------------------------------------
|S| = {3}
comp.a =  [0 0 0 0 0 1 1 1]
max of comp.a =  1
hist =  [2 3]
len(hist) 2
w(G-S) = 2
k = 1.500000
-------------------------------------------------------------------------------------
|S| = {4}
comp.a =  [0 0 0 0 0 1 1 1]
max of comp.a =  1
hist =  [2 3]
len(hist) 2
w(G-S) = 2
k = 1.500000
-------------------------------------------------------------------------------------
residual graph :  <GraphView object, undirected, with 5 vertices and 2 edges, vertices filtered by (<PropertyMap object with key type 'Vertex' and value type 'bool', for Graph 0x2d67890, at 0x2d67a50>, False) at 0x2d67890>
|S| = {2}
comp.a =  [0 0 0 0 1 0 2 2]
max of comp.a =  2
hist =  [2 1 2]
len(hist) 3
w(G-S) = 3
k = 1.000000
-------------------------------------------------------------------------------------
|S| = {3}
comp.a =  [0 0 0 0 1 0 2 2]
max of comp.a =  2
hist =  [2 1 2]
len(hist) 3
w(G-S) = 3
k = 1.000000
-------------------------------------------------------------------------------------
|S| = {5}
comp.a =  [0 0 0 0 1 0 2 2]
max of comp.a =  2
hist =  [2 1 2]
len(hist) 3
w(G-S) = 3
k = 1.000000
-------------------------------------------------------------------------------------
residual graph :  <GraphView object, undirected, with 5 vertices and 2 edges, vertices filtered by (<PropertyMap object with key type 'Vertex' and value type 'bool', for Graph 0x2d676d0, at 0x2d67b90>, False) at 0x2d676d0>
|S| = {2}
comp.a =  [0 0 0 0 1 1 0 2]
max of comp.a =  2
hist =  [2 2 1]
len(hist) 3
w(G-S) = 3
k = 1.000000
-------------------------------------------------------------------------------------
|S| = {3}
comp.a =  [0 0 0 0 1 1 0 2]
max of comp.a =  2
hist =  [2 2 1]
len(hist) 3
w(G-S) = 3
k = 1.000000
-------------------------------------------------------------------------------------
|S| = {6}
comp.a =  [0 0 0 0 1 1 0 2]
max of comp.a =  2
hist =  [2 2 1]
len(hist) 3
w(G-S) = 3
k = 1.000000
-------------------------------------------------------------------------------------
residual graph :  <GraphView object, undirected, with 5 vertices and 3 edges, vertices filtered by (<PropertyMap object with key type 'Vertex' and value type 'bool', for Graph 0x2d67890, at 0x2d67a90>, False) at 0x2d67890>
|S| = {2}
comp.a =  [0 0 0 0 1 1 1 0]
max of comp.a =  1
hist =  [2 3]
len(hist) 2
w(G-S) = 2
k = 1.500000
-------------------------------------------------------------------------------------
|S| = {3}
comp.a =  [0 0 0 0 1 1 1 0]
max of comp.a =  1
hist =  [2 3]
len(hist) 2
w(G-S) = 2
k = 1.500000
-------------------------------------------------------------------------------------
|S| = {7}
comp.a =  [0 0 0 0 1 1 1 0]
max of comp.a =  1
hist =  [2 3]
len(hist) 2
w(G-S) = 2
k = 1.500000
-------------------------------------------------------------------------------------
residual graph :  <GraphView object, undirected, with 5 vertices and 2 edges, vertices filtered by (<PropertyMap object with key type 'Vertex' and value type 'bool', for Graph 0x2d676d0, at 0x2d67c10>, False) at 0x2d676d0>
|S| = {2}
comp.a =  [0 0 0 1 0 0 2 2]
max of comp.a =  2
hist =  [2 1 2]
len(hist) 3
w(G-S) = 3
k = 1.000000
-------------------------------------------------------------------------------------
|S| = {4}
comp.a =  [0 0 0 1 0 0 2 2]
max of comp.a =  2
hist =  [2 1 2]
len(hist) 3
w(G-S) = 3
k = 1.000000
-------------------------------------------------------------------------------------
|S| = {5}
comp.a =  [0 0 0 1 0 0 2 2]
max of comp.a =  2
hist =  [2 1 2]
len(hist) 3
w(G-S) = 3
k = 1.000000
-------------------------------------------------------------------------------------
residual graph :  <GraphView object, undirected, with 5 vertices and 1 edge, vertices filtered by (<PropertyMap object with key type 'Vertex' and value type 'bool', for Graph 0x2d67890, at 0x2d67810>, False) at 0x2d67890>
|S| = {2}
comp.a =  [0 0 0 1 0 2 0 3]
max of comp.a =  3
hist =  [2 1 1 1]
len(hist) 4
w(G-S) = 4
k = 0.750000
-------------------------------------------------------------------------------------
|S| = {4}
comp.a =  [0 0 0 1 0 2 0 3]
max of comp.a =  3
hist =  [2 1 1 1]
len(hist) 4
w(G-S) = 4
k = 0.750000
-------------------------------------------------------------------------------------
|S| = {6}
comp.a =  [0 0 0 1 0 2 0 3]
max of comp.a =  3
hist =  [2 1 1 1]
len(hist) 4
w(G-S) = 4
k = 0.750000
-------------------------------------------------------------------------------------
residual graph :  <GraphView object, undirected, with 5 vertices and 2 edges, vertices filtered by (<PropertyMap object with key type 'Vertex' and value type 'bool', for Graph 0x2d676d0, at 0x2d678d0>, False) at 0x2d676d0>
|S| = {2}
comp.a =  [0 0 0 1 0 2 2 0]
max of comp.a =  2
hist =  [2 1 2]
len(hist) 3
w(G-S) = 3
k = 1.000000
-------------------------------------------------------------------------------------
|S| = {4}
comp.a =  [0 0 0 1 0 2 2 0]
max of comp.a =  2
hist =  [2 1 2]
len(hist) 3
w(G-S) = 3
k = 1.000000
-------------------------------------------------------------------------------------
|S| = {7}
comp.a =  [0 0 0 1 0 2 2 0]
max of comp.a =  2
hist =  [2 1 2]
len(hist) 3
w(G-S) = 3
k = 1.000000
-------------------------------------------------------------------------------------
residual graph :  <GraphView object, undirected, with 5 vertices and 2 edges, vertices filtered by (<PropertyMap object with key type 'Vertex' and value type 'bool', for Graph 0x2d67890, at 0x2d67790>, False) at 0x2d67890>
|S| = {2}
comp.a =  [0 0 0 1 1 0 0 2]
max of comp.a =  2
hist =  [2 2 1]
len(hist) 3
w(G-S) = 3
k = 1.000000
-------------------------------------------------------------------------------------
|S| = {5}
comp.a =  [0 0 0 1 1 0 0 2]
max of comp.a =  2
hist =  [2 2 1]
len(hist) 3
w(G-S) = 3
k = 1.000000
-------------------------------------------------------------------------------------
|S| = {6}
comp.a =  [0 0 0 1 1 0 0 2]
max of comp.a =  2
hist =  [2 2 1]
len(hist) 3
w(G-S) = 3
k = 1.000000
-------------------------------------------------------------------------------------
residual graph :  <GraphView object, undirected, with 5 vertices and 2 edges, vertices filtered by (<PropertyMap object with key type 'Vertex' and value type 'bool', for Graph 0x2d676d0, at 0x2d67950>, False) at 0x2d676d0>
|S| = {2}
comp.a =  [0 0 0 1 1 0 2 0]
max of comp.a =  2
hist =  [2 2 1]
len(hist) 3
w(G-S) = 3
k = 1.000000
-------------------------------------------------------------------------------------
|S| = {5}
comp.a =  [0 0 0 1 1 0 2 0]
max of comp.a =  2
hist =  [2 2 1]
len(hist) 3
w(G-S) = 3
k = 1.000000
-------------------------------------------------------------------------------------
|S| = {7}
comp.a =  [0 0 0 1 1 0 2 0]
max of comp.a =  2
hist =  [2 2 1]
len(hist) 3
w(G-S) = 3
k = 1.000000
-------------------------------------------------------------------------------------
residual graph :  <GraphView object, undirected, with 5 vertices and 3 edges, vertices filtered by (<PropertyMap object with key type 'Vertex' and value type 'bool', for Graph 0x2d67890, at 0x2d67a50>, False) at 0x2d67890>
|S| = {2}
comp.a =  [0 0 0 1 1 1 0 0]
max of comp.a =  1
hist =  [2 3]
len(hist) 2
w(G-S) = 2
k = 1.500000
-------------------------------------------------------------------------------------
|S| = {6}
comp.a =  [0 0 0 1 1 1 0 0]
max of comp.a =  1
hist =  [2 3]
len(hist) 2
w(G-S) = 2
k = 1.500000
-------------------------------------------------------------------------------------
|S| = {7}
comp.a =  [0 0 0 1 1 1 0 0]
max of comp.a =  1
hist =  [2 3]
len(hist) 2
w(G-S) = 2
k = 1.500000
-------------------------------------------------------------------------------------
residual graph :  <GraphView object, undirected, with 5 vertices and 3 edges, vertices filtered by (<PropertyMap object with key type 'Vertex' and value type 'bool', for Graph 0x2d676d0, at 0x2d67b90>, False) at 0x2d676d0>
|S| = {3}
comp.a =  [0 0 0 0 0 0 1 1]
max of comp.a =  1
hist =  [3 2]
len(hist) 2
w(G-S) = 2
k = 1.500000
-------------------------------------------------------------------------------------
|S| = {4}
comp.a =  [0 0 0 0 0 0 1 1]
max of comp.a =  1
hist =  [3 2]
len(hist) 2
w(G-S) = 2
k = 1.500000
-------------------------------------------------------------------------------------
|S| = {5}
comp.a =  [0 0 0 0 0 0 1 1]
max of comp.a =  1
hist =  [3 2]
len(hist) 2
w(G-S) = 2
k = 1.500000
-------------------------------------------------------------------------------------
residual graph :  <GraphView object, undirected, with 5 vertices and 2 edges, vertices filtered by (<PropertyMap object with key type 'Vertex' and value type 'bool', for Graph 0x2d67890, at 0x2d67a90>, False) at 0x2d67890>
|S| = {3}
comp.a =  [0 0 0 0 0 1 0 2]
max of comp.a =  2
hist =  [3 1 1]
len(hist) 3
w(G-S) = 3
k = 1.000000
-------------------------------------------------------------------------------------
|S| = {4}
comp.a =  [0 0 0 0 0 1 0 2]
max of comp.a =  2
hist =  [3 1 1]
len(hist) 3
w(G-S) = 3
k = 1.000000
-------------------------------------------------------------------------------------
|S| = {6}
comp.a =  [0 0 0 0 0 1 0 2]
max of comp.a =  2
hist =  [3 1 1]
len(hist) 3
w(G-S) = 3
k = 1.000000
-------------------------------------------------------------------------------------
residual graph :  <GraphView object, undirected, with 5 vertices and 3 edges, vertices filtered by (<PropertyMap object with key type 'Vertex' and value type 'bool', for Graph 0x2d676d0, at 0x2d67c10>, False) at 0x2d676d0>
|S| = {3}
comp.a =  [0 0 0 0 0 1 1 0]
max of comp.a =  1
hist =  [3 2]
len(hist) 2
w(G-S) = 2
k = 1.500000
-------------------------------------------------------------------------------------
|S| = {4}
comp.a =  [0 0 0 0 0 1 1 0]
max of comp.a =  1
hist =  [3 2]
len(hist) 2
w(G-S) = 2
k = 1.500000
-------------------------------------------------------------------------------------
|S| = {7}
comp.a =  [0 0 0 0 0 1 1 0]
max of comp.a =  1
hist =  [3 2]
len(hist) 2
w(G-S) = 2
k = 1.500000
-------------------------------------------------------------------------------------
residual graph :  <GraphView object, undirected, with 5 vertices and 2 edges, vertices filtered by (<PropertyMap object with key type 'Vertex' and value type 'bool', for Graph 0x2d67890, at 0x2d67810>, False) at 0x2d67890>
|S| = {3}
comp.a =  [0 0 0 0 1 0 0 2]
max of comp.a =  2
hist =  [3 1 1]
len(hist) 3
w(G-S) = 3
k = 1.000000
-------------------------------------------------------------------------------------
|S| = {5}
comp.a =  [0 0 0 0 1 0 0 2]
max of comp.a =  2
hist =  [3 1 1]
len(hist) 3
w(G-S) = 3
k = 1.000000
-------------------------------------------------------------------------------------
|S| = {6}
comp.a =  [0 0 0 0 1 0 0 2]
max of comp.a =  2
hist =  [3 1 1]
len(hist) 3
w(G-S) = 3
k = 1.000000
-------------------------------------------------------------------------------------
residual graph :  <GraphView object, undirected, with 5 vertices and 2 edges, vertices filtered by (<PropertyMap object with key type 'Vertex' and value type 'bool', for Graph 0x2d676d0, at 0x2d678d0>, False) at 0x2d676d0>
|S| = {3}
comp.a =  [0 0 0 0 1 0 2 0]
max of comp.a =  2
hist =  [3 1 1]
len(hist) 3
w(G-S) = 3
k = 1.000000
-------------------------------------------------------------------------------------
|S| = {5}
comp.a =  [0 0 0 0 1 0 2 0]
max of comp.a =  2
hist =  [3 1 1]
len(hist) 3
w(G-S) = 3
k = 1.000000
-------------------------------------------------------------------------------------
|S| = {7}
comp.a =  [0 0 0 0 1 0 2 0]
max of comp.a =  2
hist =  [3 1 1]
len(hist) 3
w(G-S) = 3
k = 1.000000
-------------------------------------------------------------------------------------
residual graph :  <GraphView object, undirected, with 5 vertices and 3 edges, vertices filtered by (<PropertyMap object with key type 'Vertex' and value type 'bool', for Graph 0x2d67890, at 0x2d67790>, False) at 0x2d67890>
|S| = {3}
comp.a =  [0 0 0 0 1 1 0 0]
max of comp.a =  1
hist =  [3 2]
len(hist) 2
w(G-S) = 2
k = 1.500000
-------------------------------------------------------------------------------------
|S| = {6}
comp.a =  [0 0 0 0 1 1 0 0]
max of comp.a =  1
hist =  [3 2]
len(hist) 2
w(G-S) = 2
k = 1.500000
-------------------------------------------------------------------------------------
|S| = {7}
comp.a =  [0 0 0 0 1 1 0 0]
max of comp.a =  1
hist =  [3 2]
len(hist) 2
w(G-S) = 2
k = 1.500000
-------------------------------------------------------------------------------------
residual graph :  <GraphView object, undirected, with 5 vertices and 3 edges, vertices filtered by (<PropertyMap object with key type 'Vertex' and value type 'bool', for Graph 0x2d676d0, at 0x2d67950>, False) at 0x2d676d0>
|S| = {4}
comp.a =  [0 0 0 0 0 0 0 1]
max of comp.a =  1
hist =  [4 1]
len(hist) 2
w(G-S) = 2
k = 1.500000
-------------------------------------------------------------------------------------
|S| = {5}
comp.a =  [0 0 0 0 0 0 0 1]
max of comp.a =  1
hist =  [4 1]
len(hist) 2
w(G-S) = 2
k = 1.500000
-------------------------------------------------------------------------------------
|S| = {6}
comp.a =  [0 0 0 0 0 0 0 1]
max of comp.a =  1
hist =  [4 1]
len(hist) 2
w(G-S) = 2
k = 1.500000
-------------------------------------------------------------------------------------
residual graph :  <GraphView object, undirected, with 5 vertices and 3 edges, vertices filtered by (<PropertyMap object with key type 'Vertex' and value type 'bool', for Graph 0x2d67890, at 0x2d67a50>, False) at 0x2d67890>
|S| = {4}
comp.a =  [0 0 0 0 0 0 1 0]
max of comp.a =  1
hist =  [4 1]
len(hist) 2
w(G-S) = 2
k = 1.500000
-------------------------------------------------------------------------------------
|S| = {5}
comp.a =  [0 0 0 0 0 0 1 0]
max of comp.a =  1
hist =  [4 1]
len(hist) 2
w(G-S) = 2
k = 1.500000
-------------------------------------------------------------------------------------
|S| = {7}
comp.a =  [0 0 0 0 0 0 1 0]
max of comp.a =  1
hist =  [4 1]
len(hist) 2
w(G-S) = 2
k = 1.500000
-------------------------------------------------------------------------------------
residual graph :  <GraphView object, undirected, with 5 vertices and 3 edges, vertices filtered by (<PropertyMap object with key type 'Vertex' and value type 'bool', for Graph 0x2d676d0, at 0x2d67b90>, False) at 0x2d676d0>
|S| = {4}
comp.a =  [0 0 0 0 0 1 0 0]
max of comp.a =  1
hist =  [4 1]
len(hist) 2
w(G-S) = 2
k = 1.500000
-------------------------------------------------------------------------------------
|S| = {6}
comp.a =  [0 0 0 0 0 1 0 0]
max of comp.a =  1
hist =  [4 1]
len(hist) 2
w(G-S) = 2
k = 1.500000
-------------------------------------------------------------------------------------
|S| = {7}
comp.a =  [0 0 0 0 0 1 0 0]
max of comp.a =  1
hist =  [4 1]
len(hist) 2
w(G-S) = 2
k = 1.500000
-------------------------------------------------------------------------------------
residual graph :  <GraphView object, undirected, with 5 vertices and 4 edges, vertices filtered by (<PropertyMap object with key type 'Vertex' and value type 'bool', for Graph 0x2d67890, at 0x2d67a90>, False) at 0x2d67890>
|S| = {5}
comp.a =  [0 0 0 0 0 0 0 0]
max of comp.a =  0
hist =  [5]
len(hist) 1
w(G-S) = 1
k = 3.000000
-------------------------------------------------------------------------------------
|S| = {6}
comp.a =  [0 0 0 0 0 0 0 0]
max of comp.a =  0
hist =  [5]
len(hist) 1
w(G-S) = 1
k = 3.000000
-------------------------------------------------------------------------------------
|S| = {7}
comp.a =  [0 0 0 0 0 0 0 0]
max of comp.a =  0
hist =  [5]
len(hist) 1
w(G-S) = 1
k = 3.000000
-------------------------------------------------------------------------------------
0.5
